   1               		.file	"rosco_m68k.c"
   2               	__SP_H__ = 0x3e
   3               	__SP_L__ = 0x3d
   4               	__SREG__ = 0x3f
   5               	__tmp_reg__ = 0
   6               	__zero_reg__ = 1
   7               		.text
   8               	.Ltext0:
   9               		.cfi_sections	.debug_frame
  10               	.Letext0:
  11               		.file 1 "/usr/local/Cellar/avr-gcc@8/8.5.0_1/avr/include/stdint.h"
  12               		.file 2 "/usr/local/Cellar/avr-gcc@8/8.5.0_1/lib/avr-gcc/8/gcc/avr/8.5.0/include/stddef.h"
  13               		.file 3 "./tmk_core/protocol/lufa/LUFA-git/LUFA/Drivers/USB/Core/AVR8/../StdRequestType.h"
  14               		.file 4 "./tmk_core/common/action.h"
  15               		.file 5 "./tmk_core/protocol/lufa/LUFA-git/LUFA/Drivers/USB/Core/AVR8/../DeviceStandardReq.h"
  16               		.file 6 "./tmk_core/protocol/lufa/LUFA-git/LUFA/Drivers/USB/Core/USBTask.h"
  17               		.file 7 "./tmk_core/protocol/lufa/LUFA-git/LUFA/Drivers/USB/Core/HostStandardReq.h"
  18               		.file 8 "/usr/local/Cellar/avr-gcc@8/8.5.0_1/avr/include/stdio.h"
  19               		.file 9 "./tmk_core/common/report.h"
  20               		.file 10 "./tmk_core/common/host.h"
  21               		.file 11 "./tmk_core/common/debug.h"
  22               		.file 12 "./quantum/keycode_config.h"
  23               		.file 13 "./quantum/keymap.h"
  24               		.file 14 "./tmk_core/common/action_layer.h"
  25               		.file 15 "./tmk_core/common/timer.h"
  26               		.file 16 "./tmk_core/common/action_util.h"
  27               		.file 17 "/usr/local/Cellar/avr-gcc@8/8.5.0_1/avr/include/stdlib.h"
DEFINED SYMBOLS
                            *ABS*:00000000 rosco_m68k.c
/var/folders/f1/r0m_vh_54tg0jls9tjh4vqkr0000gn/T//ccT6pyDJ.s:2      *ABS*:0000003e __SP_H__
/var/folders/f1/r0m_vh_54tg0jls9tjh4vqkr0000gn/T//ccT6pyDJ.s:3      *ABS*:0000003d __SP_L__
/var/folders/f1/r0m_vh_54tg0jls9tjh4vqkr0000gn/T//ccT6pyDJ.s:4      *ABS*:0000003f __SREG__
/var/folders/f1/r0m_vh_54tg0jls9tjh4vqkr0000gn/T//ccT6pyDJ.s:5      *ABS*:00000000 __tmp_reg__
/var/folders/f1/r0m_vh_54tg0jls9tjh4vqkr0000gn/T//ccT6pyDJ.s:6      *ABS*:00000001 __zero_reg__
/var/folders/f1/r0m_vh_54tg0jls9tjh4vqkr0000gn/T//ccT6pyDJ.s:805    .debug_abbrev:00000000 .Ldebug_abbrev0
/var/folders/f1/r0m_vh_54tg0jls9tjh4vqkr0000gn/T//ccT6pyDJ.s:1154   .debug_line:00000000 .Ldebug_line0
/var/folders/f1/r0m_vh_54tg0jls9tjh4vqkr0000gn/T//ccT6pyDJ.s:29     .debug_info:00000000 .Ldebug_info0

NO UNDEFINED SYMBOLS
