   1               		.file	"keymap.c"
   2               	__SP_H__ = 0x3e
   3               	__SP_L__ = 0x3d
   4               	__SREG__ = 0x3f
   5               	__tmp_reg__ = 0
   6               	__zero_reg__ = 1
   7               		.text
   8               	.Ltext0:
   9               		.cfi_sections	.debug_frame
  10               		.section	.text.action_get_macro,"ax",@progbits
  11               	.global	action_get_macro
  13               	action_get_macro:
  14               	.LVL0:
  15               	.LFB111:
  16               		.file 1 "keyboards/kb/keymaps/default/keymap.c"
   1:keyboards/kb/keymaps/default/keymap.c **** #include "kb.h"
   2:keyboards/kb/keymaps/default/keymap.c **** 
   3:keyboards/kb/keymaps/default/keymap.c **** const uint16_t PROGMEM keymaps[][MATRIX_ROWS][MATRIX_COLS] = {
   4:keyboards/kb/keymaps/default/keymap.c **** 
   5:keyboards/kb/keymaps/default/keymap.c **** 	KEYMAP(
   6:keyboards/kb/keymaps/default/keymap.c **** 		KC_ESC, KC_1, KC_2, KC_3, KC_4, KC_5, KC_6, KC_7, KC_8, KC_9, KC_0, KC_MINS, KC_EQL, KC_BSPC, KC_
   7:keyboards/kb/keymaps/default/keymap.c **** 		KC_TAB, KC_Q, KC_W, KC_E, KC_R, KC_T, KC_Y, KC_U, KC_I, KC_O, KC_P, KC_LBRC, KC_RBRC, KC_BSLS, KC
   8:keyboards/kb/keymaps/default/keymap.c **** 		KC_CAPS, KC_A, KC_S, KC_D, KC_F, KC_G, KC_H, KC_J, KC_K, KC_L, KC_SCLN, KC_QUOT, KC_ENT, KC_F3, 
   9:keyboards/kb/keymaps/default/keymap.c **** 		KC_LSFT, KC_GRV, KC_Z, KC_X, KC_C, KC_V, KC_B, KC_N, KC_M, KC_COMM, KC_DOT, KC_SLSH, KC_RSFT, KC_
  10:keyboards/kb/keymaps/default/keymap.c **** 		KC_LCTL, KC_LALT, KC_LGUI,KC_SPC,KC_RGUI, KC_RALT, KC_MENU, KC_RCTL, KC_F5),
  11:keyboards/kb/keymaps/default/keymap.c **** 
  12:keyboards/kb/keymaps/default/keymap.c **** 	KEYMAP(
  13:keyboards/kb/keymaps/default/keymap.c **** 		KC_TRNS, KC_P1,   KC_P2,   KC_P3,   KC_P4,   KC_P5,   KC_P6,   KC_P7,   KC_P8,   KC_P9,   KC_P0, 
  14:keyboards/kb/keymaps/default/keymap.c **** 		KC_TRNS, KC_PGUP, KC_UP,   KC_HOME, KC_TRNS, KC_TRNS, KC_TRNS, KC_TRNS, KC_TRNS, KC_TRNS, KC_TRNS
  15:keyboards/kb/keymaps/default/keymap.c **** 		KC_TRNS, KC_LEFT, KC_DOWN, KC_RIGHT,KC_TRNS, KC_TRNS, KC_TRNS, KC_TRNS, KC_TRNS, KC_TRNS, KC_TRNS
  16:keyboards/kb/keymaps/default/keymap.c **** 		KC_TRNS, KC_TRNS, KC_PGDN, KC_TRNS, KC_END , KC_TRNS, KC_TRNS, KC_TRNS, KC_TRNS, KC_TRNS, KC_PDOT
  17:keyboards/kb/keymaps/default/keymap.c **** 		KC_TRNS, KC_TRNS, KC_TRNS, KC_TRNS, KC_TRNS, KC_TRNS, KC_TRNS, KC_TRNS, KC_F10),
  18:keyboards/kb/keymaps/default/keymap.c **** 
  19:keyboards/kb/keymaps/default/keymap.c **** 	KEYMAP(
  20:keyboards/kb/keymaps/default/keymap.c **** 		KC_TRNS, KC_TRNS, KC_TRNS, KC_TRNS, KC_TRNS, KC_TRNS, KC_TRNS, KC_TRNS, KC_TRNS, KC_TRNS, KC_TRNS
  21:keyboards/kb/keymaps/default/keymap.c **** 		KC_TRNS, KC_TRNS, KC_TRNS, KC_TRNS, KC_TRNS, KC_TRNS, KC_TRNS, KC_TRNS, KC_TRNS, KC_TRNS, KC_TRNS
  22:keyboards/kb/keymaps/default/keymap.c **** 		KC_TRNS, KC_TRNS, KC_TRNS, KC_TRNS, KC_TRNS, KC_TRNS, KC_TRNS, KC_TRNS, KC_TRNS, KC_TRNS, KC_TRNS
  23:keyboards/kb/keymaps/default/keymap.c **** 		KC_TRNS, KC_TRNS, KC_TRNS, KC_TRNS, KC_TRNS, KC_TRNS, KC_TRNS, KC_TRNS, KC_TRNS, KC_TRNS, KC_TRNS
  24:keyboards/kb/keymaps/default/keymap.c **** 		KC_TRNS, KC_TRNS, KC_TRNS, KC_TRNS, KC_TRNS, KC_TRNS, KC_TRNS, KC_TRNS, KC_TRNS),
  25:keyboards/kb/keymaps/default/keymap.c **** 
  26:keyboards/kb/keymaps/default/keymap.c **** 	KEYMAP(
  27:keyboards/kb/keymaps/default/keymap.c **** 		KC_TRNS, KC_TRNS, KC_TRNS, KC_TRNS, KC_TRNS, KC_TRNS, KC_TRNS, KC_TRNS, KC_TRNS, KC_TRNS, KC_TRNS
  28:keyboards/kb/keymaps/default/keymap.c **** 		KC_TRNS, KC_TRNS, KC_TRNS, KC_TRNS, KC_TRNS, KC_TRNS, KC_TRNS, KC_TRNS, KC_TRNS, KC_TRNS, KC_TRNS
  29:keyboards/kb/keymaps/default/keymap.c **** 		KC_TRNS, KC_TRNS, KC_TRNS, KC_TRNS, KC_TRNS, KC_TRNS, KC_TRNS, KC_TRNS, KC_TRNS, KC_TRNS, KC_TRNS
  30:keyboards/kb/keymaps/default/keymap.c **** 		KC_TRNS, KC_TRNS, KC_TRNS, KC_TRNS, KC_TRNS, KC_TRNS, KC_TRNS, KC_TRNS, KC_TRNS, KC_TRNS, KC_TRNS
  31:keyboards/kb/keymaps/default/keymap.c **** 		KC_TRNS, KC_TRNS, KC_TRNS, KC_TRNS, KC_TRNS, KC_TRNS, KC_TRNS, KC_TRNS, KC_TRNS),
  32:keyboards/kb/keymaps/default/keymap.c **** 
  33:keyboards/kb/keymaps/default/keymap.c **** 	KEYMAP(
  34:keyboards/kb/keymaps/default/keymap.c **** 		KC_TRNS, KC_TRNS, KC_TRNS, KC_TRNS, KC_TRNS, KC_TRNS, KC_TRNS, KC_TRNS, KC_TRNS, KC_TRNS, KC_TRNS
  35:keyboards/kb/keymaps/default/keymap.c **** 		KC_TRNS, KC_TRNS, KC_TRNS, KC_TRNS, KC_TRNS, KC_TRNS, KC_TRNS, KC_TRNS, KC_TRNS, KC_TRNS, KC_TRNS
  36:keyboards/kb/keymaps/default/keymap.c **** 		KC_TRNS, KC_TRNS, KC_TRNS, KC_TRNS, KC_TRNS, KC_TRNS, KC_TRNS, KC_TRNS, KC_TRNS, KC_TRNS, KC_TRNS
  37:keyboards/kb/keymaps/default/keymap.c **** 		KC_TRNS, KC_TRNS, KC_TRNS, KC_TRNS, KC_TRNS, KC_TRNS, KC_TRNS, KC_TRNS, KC_TRNS, KC_TRNS, KC_TRNS
  38:keyboards/kb/keymaps/default/keymap.c **** 		KC_TRNS, KC_TRNS, KC_TRNS, KC_TRNS, KC_TRNS, KC_TRNS, KC_TRNS, KC_TRNS, KC_TRNS),
  39:keyboards/kb/keymaps/default/keymap.c **** 
  40:keyboards/kb/keymaps/default/keymap.c **** 	KEYMAP(
  41:keyboards/kb/keymaps/default/keymap.c **** 		KC_TRNS, KC_TRNS, KC_TRNS, KC_TRNS, KC_TRNS, KC_TRNS, KC_TRNS, KC_TRNS, KC_TRNS, KC_TRNS, KC_TRNS
  42:keyboards/kb/keymaps/default/keymap.c **** 		KC_TRNS, KC_TRNS, KC_TRNS, KC_TRNS, KC_TRNS, KC_TRNS, KC_TRNS, KC_TRNS, KC_TRNS, KC_TRNS, KC_TRNS
  43:keyboards/kb/keymaps/default/keymap.c **** 		KC_TRNS, KC_TRNS, KC_TRNS, KC_TRNS, KC_TRNS, KC_TRNS, KC_TRNS, KC_TRNS, KC_TRNS, KC_TRNS, KC_TRNS
  44:keyboards/kb/keymaps/default/keymap.c **** 		KC_TRNS, KC_TRNS, KC_TRNS, KC_TRNS, KC_TRNS, KC_TRNS, KC_TRNS, KC_TRNS, KC_TRNS, KC_TRNS, KC_TRNS
  45:keyboards/kb/keymaps/default/keymap.c **** 		KC_TRNS, KC_TRNS, KC_TRNS, KC_TRNS, KC_TRNS, KC_TRNS, KC_TRNS, KC_TRNS, KC_TRNS),
  46:keyboards/kb/keymaps/default/keymap.c **** 
  47:keyboards/kb/keymaps/default/keymap.c **** 	KEYMAP(
  48:keyboards/kb/keymaps/default/keymap.c **** 		KC_TRNS, KC_TRNS, KC_TRNS, KC_TRNS, KC_TRNS, KC_TRNS, KC_TRNS, KC_TRNS, KC_TRNS, KC_TRNS, KC_TRNS
  49:keyboards/kb/keymaps/default/keymap.c **** 		KC_TRNS, KC_TRNS, KC_TRNS, KC_TRNS, KC_TRNS, KC_TRNS, KC_TRNS, KC_TRNS, KC_TRNS, KC_TRNS, KC_TRNS
  50:keyboards/kb/keymaps/default/keymap.c **** 		KC_TRNS, KC_TRNS, KC_TRNS, KC_TRNS, KC_TRNS, KC_TRNS, KC_TRNS, KC_TRNS, KC_TRNS, KC_TRNS, KC_TRNS
  51:keyboards/kb/keymaps/default/keymap.c **** 		KC_TRNS, KC_TRNS, KC_TRNS, KC_TRNS, KC_TRNS, KC_TRNS, KC_TRNS, KC_TRNS, KC_TRNS, KC_TRNS, KC_TRNS
  52:keyboards/kb/keymaps/default/keymap.c **** 		KC_TRNS, KC_TRNS, KC_TRNS, KC_TRNS, KC_TRNS, KC_TRNS, KC_TRNS, KC_TRNS, KC_TRNS),
  53:keyboards/kb/keymaps/default/keymap.c **** 
  54:keyboards/kb/keymaps/default/keymap.c **** 	KEYMAP(
  55:keyboards/kb/keymaps/default/keymap.c **** 		KC_TRNS, KC_TRNS, KC_TRNS, KC_TRNS, KC_TRNS, KC_TRNS, KC_TRNS, KC_TRNS, KC_TRNS, KC_TRNS, KC_TRNS
  56:keyboards/kb/keymaps/default/keymap.c **** 		KC_TRNS, KC_TRNS, KC_TRNS, KC_TRNS, KC_TRNS, KC_TRNS, KC_TRNS, KC_TRNS, KC_TRNS, KC_TRNS, KC_TRNS
  57:keyboards/kb/keymaps/default/keymap.c **** 		KC_TRNS, KC_TRNS, KC_TRNS, KC_TRNS, KC_TRNS, KC_TRNS, KC_TRNS, KC_TRNS, KC_TRNS, KC_TRNS, KC_TRNS
  58:keyboards/kb/keymaps/default/keymap.c **** 		KC_TRNS, KC_TRNS, KC_TRNS, KC_TRNS, KC_TRNS, KC_TRNS, KC_TRNS, KC_TRNS, KC_TRNS, KC_TRNS, KC_TRNS
  59:keyboards/kb/keymaps/default/keymap.c **** 		KC_TRNS, KC_TRNS, KC_TRNS, KC_TRNS, KC_TRNS, KC_TRNS, KC_TRNS, KC_TRNS, KC_TRNS),
  60:keyboards/kb/keymaps/default/keymap.c **** 
  61:keyboards/kb/keymaps/default/keymap.c **** 	KEYMAP(
  62:keyboards/kb/keymaps/default/keymap.c **** 		KC_TRNS, KC_TRNS, KC_TRNS, KC_TRNS, KC_TRNS, KC_TRNS, KC_TRNS, KC_TRNS, KC_TRNS, KC_TRNS, KC_TRNS
  63:keyboards/kb/keymaps/default/keymap.c **** 		KC_TRNS, KC_TRNS, KC_TRNS, KC_TRNS, KC_TRNS, KC_TRNS, KC_TRNS, KC_TRNS, KC_TRNS, KC_TRNS, KC_TRNS
  64:keyboards/kb/keymaps/default/keymap.c **** 		KC_TRNS, KC_TRNS, KC_TRNS, KC_TRNS, KC_TRNS, KC_TRNS, KC_TRNS, KC_TRNS, KC_TRNS, KC_TRNS, KC_TRNS
  65:keyboards/kb/keymaps/default/keymap.c **** 		KC_TRNS, KC_TRNS, KC_TRNS, KC_TRNS, KC_TRNS, KC_TRNS, KC_TRNS, KC_TRNS, KC_TRNS, KC_TRNS, KC_TRNS
  66:keyboards/kb/keymaps/default/keymap.c **** 		KC_TRNS, KC_TRNS, KC_TRNS, KC_TRNS, KC_TRNS, KC_TRNS, KC_TRNS, KC_TRNS, KC_TRNS),
  67:keyboards/kb/keymaps/default/keymap.c **** 
  68:keyboards/kb/keymaps/default/keymap.c **** 	KEYMAP(
  69:keyboards/kb/keymaps/default/keymap.c **** 		KC_TRNS, KC_TRNS, KC_TRNS, KC_TRNS, KC_TRNS, KC_TRNS, KC_TRNS, KC_TRNS, KC_TRNS, KC_TRNS, KC_TRNS
  70:keyboards/kb/keymaps/default/keymap.c **** 		KC_TRNS, KC_TRNS, KC_TRNS, KC_TRNS, KC_TRNS, KC_TRNS, KC_TRNS, KC_TRNS, KC_TRNS, KC_TRNS, KC_TRNS
  71:keyboards/kb/keymaps/default/keymap.c **** 		KC_TRNS, KC_TRNS, KC_TRNS, KC_TRNS, KC_TRNS, KC_TRNS, KC_TRNS, KC_TRNS, KC_TRNS, KC_TRNS, KC_TRNS
  72:keyboards/kb/keymaps/default/keymap.c **** 		KC_TRNS, KC_TRNS, KC_TRNS, KC_TRNS, KC_TRNS, KC_TRNS, KC_TRNS, KC_TRNS, KC_TRNS, KC_TRNS, KC_TRNS
  73:keyboards/kb/keymaps/default/keymap.c **** 		KC_TRNS, KC_TRNS, KC_TRNS, KC_TRNS, KC_TRNS, KC_TRNS, KC_TRNS, KC_TRNS, KC_TRNS),
  74:keyboards/kb/keymaps/default/keymap.c **** 
  75:keyboards/kb/keymaps/default/keymap.c **** 	KEYMAP(
  76:keyboards/kb/keymaps/default/keymap.c **** 		KC_TRNS, KC_TRNS, KC_TRNS, KC_TRNS, KC_TRNS, KC_TRNS, KC_TRNS, KC_TRNS, KC_TRNS, KC_TRNS, KC_TRNS
  77:keyboards/kb/keymaps/default/keymap.c **** 		KC_TRNS, KC_TRNS, KC_TRNS, KC_TRNS, KC_TRNS, KC_TRNS, KC_TRNS, KC_TRNS, KC_TRNS, KC_TRNS, KC_TRNS
  78:keyboards/kb/keymaps/default/keymap.c **** 		KC_TRNS, KC_TRNS, KC_TRNS, KC_TRNS, KC_TRNS, KC_TRNS, KC_TRNS, KC_TRNS, KC_TRNS, KC_TRNS, KC_TRNS
  79:keyboards/kb/keymaps/default/keymap.c **** 		KC_TRNS, KC_TRNS, KC_TRNS, KC_TRNS, KC_TRNS, KC_TRNS, KC_TRNS, KC_TRNS, KC_TRNS, KC_TRNS, KC_TRNS
  80:keyboards/kb/keymaps/default/keymap.c **** 		KC_TRNS, KC_TRNS, KC_TRNS, KC_TRNS, KC_TRNS, KC_TRNS, KC_TRNS, KC_TRNS, KC_TRNS),
  81:keyboards/kb/keymaps/default/keymap.c **** 
  82:keyboards/kb/keymaps/default/keymap.c **** 	KEYMAP(
  83:keyboards/kb/keymaps/default/keymap.c **** 		KC_TRNS, KC_TRNS, KC_TRNS, KC_TRNS, KC_TRNS, KC_TRNS, KC_TRNS, KC_TRNS, KC_TRNS, KC_TRNS, KC_TRNS
  84:keyboards/kb/keymaps/default/keymap.c **** 		KC_TRNS, KC_TRNS, KC_TRNS, KC_TRNS, KC_TRNS, KC_TRNS, KC_TRNS, KC_TRNS, KC_TRNS, KC_TRNS, KC_TRNS
  85:keyboards/kb/keymaps/default/keymap.c **** 		KC_TRNS, KC_TRNS, KC_TRNS, KC_TRNS, KC_TRNS, KC_TRNS, KC_TRNS, KC_TRNS, KC_TRNS, KC_TRNS, KC_TRNS
  86:keyboards/kb/keymaps/default/keymap.c **** 		KC_TRNS, KC_TRNS, KC_TRNS, KC_TRNS, KC_TRNS, KC_TRNS, KC_TRNS, KC_TRNS, KC_TRNS, KC_TRNS, KC_TRNS
  87:keyboards/kb/keymaps/default/keymap.c **** 		KC_TRNS, KC_TRNS, KC_TRNS, KC_TRNS, KC_TRNS, KC_TRNS, KC_TRNS, KC_TRNS, KC_TRNS),
  88:keyboards/kb/keymaps/default/keymap.c **** 
  89:keyboards/kb/keymaps/default/keymap.c **** 	KEYMAP(
  90:keyboards/kb/keymaps/default/keymap.c **** 		KC_TRNS, KC_TRNS, KC_TRNS, KC_TRNS, KC_TRNS, KC_TRNS, KC_TRNS, KC_TRNS, KC_TRNS, KC_TRNS, KC_TRNS
  91:keyboards/kb/keymaps/default/keymap.c **** 		KC_TRNS, KC_TRNS, KC_TRNS, KC_TRNS, KC_TRNS, KC_TRNS, KC_TRNS, KC_TRNS, KC_TRNS, KC_TRNS, KC_TRNS
  92:keyboards/kb/keymaps/default/keymap.c **** 		KC_TRNS, KC_TRNS, KC_TRNS, KC_TRNS, KC_TRNS, KC_TRNS, KC_TRNS, KC_TRNS, KC_TRNS, KC_TRNS, KC_TRNS
  93:keyboards/kb/keymaps/default/keymap.c **** 		KC_TRNS, KC_TRNS, KC_TRNS, KC_TRNS, KC_TRNS, KC_TRNS, KC_TRNS, KC_TRNS, KC_TRNS, KC_TRNS, KC_TRNS
  94:keyboards/kb/keymaps/default/keymap.c **** 		KC_TRNS, KC_TRNS, KC_TRNS, KC_TRNS, KC_TRNS, KC_TRNS, KC_TRNS, KC_TRNS, KC_TRNS),
  95:keyboards/kb/keymaps/default/keymap.c **** 
  96:keyboards/kb/keymaps/default/keymap.c **** 	KEYMAP(
  97:keyboards/kb/keymaps/default/keymap.c **** 		KC_TRNS, KC_TRNS, KC_TRNS, KC_TRNS, KC_TRNS, KC_TRNS, KC_TRNS, KC_TRNS, KC_TRNS, KC_TRNS, KC_TRNS
  98:keyboards/kb/keymaps/default/keymap.c **** 		KC_TRNS, KC_TRNS, KC_TRNS, KC_TRNS, KC_TRNS, KC_TRNS, KC_TRNS, KC_TRNS, KC_TRNS, KC_TRNS, KC_TRNS
  99:keyboards/kb/keymaps/default/keymap.c **** 		KC_TRNS, KC_TRNS, KC_TRNS, KC_TRNS, KC_TRNS, KC_TRNS, KC_TRNS, KC_TRNS, KC_TRNS, KC_TRNS, KC_TRNS
 100:keyboards/kb/keymaps/default/keymap.c **** 		KC_TRNS, KC_TRNS, KC_TRNS, KC_TRNS, KC_TRNS, KC_TRNS, KC_TRNS, KC_TRNS, KC_TRNS, KC_TRNS, KC_TRNS
 101:keyboards/kb/keymaps/default/keymap.c **** 		KC_TRNS, KC_TRNS, KC_TRNS, KC_TRNS, KC_TRNS, KC_TRNS, KC_TRNS, KC_TRNS, KC_TRNS),
 102:keyboards/kb/keymaps/default/keymap.c **** 
 103:keyboards/kb/keymaps/default/keymap.c **** 	KEYMAP(
 104:keyboards/kb/keymaps/default/keymap.c **** 		KC_TRNS, KC_TRNS, KC_TRNS, KC_TRNS, KC_TRNS, KC_TRNS, KC_TRNS, KC_TRNS, KC_TRNS, KC_TRNS, KC_TRNS
 105:keyboards/kb/keymaps/default/keymap.c **** 		KC_TRNS, KC_TRNS, KC_TRNS, KC_TRNS, KC_TRNS, KC_TRNS, KC_TRNS, KC_TRNS, KC_TRNS, KC_TRNS, KC_TRNS
 106:keyboards/kb/keymaps/default/keymap.c **** 		KC_TRNS, KC_TRNS, KC_TRNS, KC_TRNS, KC_TRNS, KC_TRNS, KC_TRNS, KC_TRNS, KC_TRNS, KC_TRNS, KC_TRNS
 107:keyboards/kb/keymaps/default/keymap.c **** 		KC_TRNS, KC_TRNS, KC_TRNS, KC_TRNS, KC_TRNS, KC_TRNS, KC_TRNS, KC_TRNS, KC_TRNS, KC_TRNS, KC_TRNS
 108:keyboards/kb/keymaps/default/keymap.c **** 		KC_TRNS, KC_TRNS, KC_TRNS, KC_TRNS, KC_TRNS, KC_TRNS, KC_TRNS, KC_TRNS, KC_TRNS),
 109:keyboards/kb/keymaps/default/keymap.c **** 
 110:keyboards/kb/keymaps/default/keymap.c **** 	KEYMAP(
 111:keyboards/kb/keymaps/default/keymap.c **** 		KC_TRNS, KC_TRNS, KC_TRNS, KC_TRNS, KC_TRNS, KC_TRNS, KC_TRNS, KC_TRNS, KC_TRNS, KC_TRNS, KC_TRNS
 112:keyboards/kb/keymaps/default/keymap.c **** 		KC_TRNS, KC_TRNS, KC_TRNS, KC_TRNS, KC_TRNS, KC_TRNS, KC_TRNS, KC_TRNS, KC_TRNS, KC_TRNS, KC_TRNS
 113:keyboards/kb/keymaps/default/keymap.c **** 		KC_TRNS, KC_TRNS, KC_TRNS, KC_TRNS, KC_TRNS, KC_TRNS, KC_TRNS, KC_TRNS, KC_TRNS, KC_TRNS, KC_TRNS
 114:keyboards/kb/keymaps/default/keymap.c **** 		KC_TRNS, KC_TRNS, KC_TRNS, KC_TRNS, KC_TRNS, KC_TRNS, KC_TRNS, KC_TRNS, KC_TRNS, KC_TRNS, KC_TRNS
 115:keyboards/kb/keymaps/default/keymap.c **** 		KC_TRNS, KC_TRNS, KC_TRNS, KC_TRNS, KC_TRNS, KC_TRNS, KC_TRNS, KC_TRNS, KC_TRNS)
 116:keyboards/kb/keymaps/default/keymap.c **** 
 117:keyboards/kb/keymaps/default/keymap.c **** };
 118:keyboards/kb/keymaps/default/keymap.c **** 
 119:keyboards/kb/keymaps/default/keymap.c **** const macro_t *action_get_macro(keyrecord_t *record, uint8_t id, uint8_t opt) {
  17               		.loc 1 119 79 view -0
  18               		.cfi_startproc
  19               	/* prologue: function */
  20               	/* frame size = 0 */
  21               	/* stack size = 0 */
  22               	.L__stack_usage = 0
 120:keyboards/kb/keymaps/default/keymap.c **** 	keyevent_t event = record->event;
  23               		.loc 1 120 2 view .LVU1
 121:keyboards/kb/keymaps/default/keymap.c **** 
 122:keyboards/kb/keymaps/default/keymap.c **** 	switch (id) {
  24               		.loc 1 122 2 view .LVU2
 123:keyboards/kb/keymaps/default/keymap.c **** 
 124:keyboards/kb/keymaps/default/keymap.c **** 	}
  25               		.loc 1 124 2 view .LVU3
 125:keyboards/kb/keymaps/default/keymap.c **** 	return MACRO_NONE;
  26               		.loc 1 125 2 view .LVU4
 126:keyboards/kb/keymaps/default/keymap.c **** }
  27               		.loc 1 126 1 is_stmt 0 view .LVU5
  28 0000 90E0      		ldi r25,0
  29 0002 80E0      		ldi r24,0
  30               	.LVL1:
  31               	/* epilogue start */
  32               		.loc 1 126 1 view .LVU6
  33 0004 0895      		ret
  34               		.cfi_endproc
  35               	.LFE111:
  37               		.section	.text.matrix_init_user,"ax",@progbits
  38               	.global	matrix_init_user
  40               	matrix_init_user:
  41               	.LFB112:
 127:keyboards/kb/keymaps/default/keymap.c **** 
 128:keyboards/kb/keymaps/default/keymap.c **** void matrix_init_user(void) {
  42               		.loc 1 128 29 is_stmt 1 view -0
  43               		.cfi_startproc
  44               	/* prologue: function */
  45               	/* frame size = 0 */
  46               	/* stack size = 0 */
  47               	.L__stack_usage = 0
 129:keyboards/kb/keymaps/default/keymap.c **** }
  48               		.loc 1 129 1 view .LVU8
  49               	/* epilogue start */
  50 0000 0895      		ret
  51               		.cfi_endproc
  52               	.LFE112:
  54               		.section	.text.matrix_scan_user,"ax",@progbits
  55               	.global	matrix_scan_user
  57               	matrix_scan_user:
  58               	.LFB117:
  59               		.cfi_startproc
  60               	/* prologue: function */
  61               	/* frame size = 0 */
  62               	/* stack size = 0 */
  63               	.L__stack_usage = 0
  64               	/* epilogue start */
  65 0000 0895      		ret
  66               		.cfi_endproc
  67               	.LFE117:
  69               		.section	.text.process_record_user,"ax",@progbits
  70               	.global	process_record_user
  72               	process_record_user:
  73               	.LVL2:
  74               	.LFB114:
 130:keyboards/kb/keymaps/default/keymap.c **** 
 131:keyboards/kb/keymaps/default/keymap.c **** void matrix_scan_user(void) {
 132:keyboards/kb/keymaps/default/keymap.c **** }
 133:keyboards/kb/keymaps/default/keymap.c **** 
 134:keyboards/kb/keymaps/default/keymap.c **** bool process_record_user(uint16_t keycode, keyrecord_t *record) {
  75               		.loc 1 134 65 view -0
  76               		.cfi_startproc
  77               		.loc 1 134 65 is_stmt 0 view .LVU10
  78 0000 CF93      		push r28
  79               	.LCFI0:
  80               		.cfi_def_cfa_offset 3
  81               		.cfi_offset 28, -2
  82               	/* prologue: function */
  83               	/* frame size = 0 */
  84               	/* stack size = 1 */
  85               	.L__stack_usage = 1
 135:keyboards/kb/keymaps/default/keymap.c **** 	switch (keycode) {
  86               		.loc 1 135 2 is_stmt 1 view .LVU11
 136:keyboards/kb/keymaps/default/keymap.c **** 	case KC_MENU:
 137:keyboards/kb/keymaps/default/keymap.c **** 		if (record->event.pressed) {
 138:keyboards/kb/keymaps/default/keymap.c **** 			layer_on(1);
 139:keyboards/kb/keymaps/default/keymap.c **** 		} else {
 140:keyboards/kb/keymaps/default/keymap.c **** 			layer_off(1);
 141:keyboards/kb/keymaps/default/keymap.c **** 		}
 142:keyboards/kb/keymaps/default/keymap.c **** 		return false;
 143:keyboards/kb/keymaps/default/keymap.c **** 	}
 144:keyboards/kb/keymaps/default/keymap.c **** 	return true;
  87               		.loc 1 144 9 is_stmt 0 view .LVU12
  88 0002 C1E0      		ldi r28,lo8(1)
 135:keyboards/kb/keymaps/default/keymap.c **** 	switch (keycode) {
  89               		.loc 1 135 2 view .LVU13
  90 0004 8637      		cpi r24,118
  91 0006 9105      		cpc r25,__zero_reg__
  92 0008 01F4      		brne .L4
 137:keyboards/kb/keymaps/default/keymap.c **** 			layer_on(1);
  93               		.loc 1 137 3 is_stmt 1 view .LVU14
 137:keyboards/kb/keymaps/default/keymap.c **** 			layer_on(1);
  94               		.loc 1 137 20 is_stmt 0 view .LVU15
  95 000a FB01      		movw r30,r22
  96 000c C281      		ldd r28,Z+2
 138:keyboards/kb/keymaps/default/keymap.c **** 		} else {
  97               		.loc 1 138 4 view .LVU16
  98 000e 81E0      		ldi r24,lo8(1)
  99               	.LVL3:
 137:keyboards/kb/keymaps/default/keymap.c **** 			layer_on(1);
 100               		.loc 1 137 6 view .LVU17
 101 0010 CC23      		tst r28
 102 0012 01F0      		breq .L6
 138:keyboards/kb/keymaps/default/keymap.c **** 		} else {
 103               		.loc 1 138 4 is_stmt 1 view .LVU18
 104 0014 0E94 0000 		call layer_on
 105               	.LVL4:
 142:keyboards/kb/keymaps/default/keymap.c **** 	}
 106               		.loc 1 142 10 is_stmt 0 view .LVU19
 107 0018 C0E0      		ldi r28,0
 108               	.L4:
 145:keyboards/kb/keymaps/default/keymap.c **** }
 109               		.loc 1 145 1 view .LVU20
 110 001a 8C2F      		mov r24,r28
 111               	/* epilogue start */
 112 001c CF91      		pop r28
 113 001e 0895      		ret
 114               	.LVL5:
 115               	.L6:
 140:keyboards/kb/keymaps/default/keymap.c **** 		}
 116               		.loc 1 140 4 is_stmt 1 view .LVU21
 117 0020 0E94 0000 		call layer_off
 118               	.LVL6:
 140:keyboards/kb/keymaps/default/keymap.c **** 		}
 119               		.loc 1 140 4 is_stmt 0 view .LVU22
 120 0024 00C0      		rjmp .L4
 121               		.cfi_endproc
 122               	.LFE114:
 124               		.section	.text.led_set_user,"ax",@progbits
 125               	.global	led_set_user
 127               	led_set_user:
 128               	.LVL7:
 129               	.LFB115:
 146:keyboards/kb/keymaps/default/keymap.c **** 
 147:keyboards/kb/keymaps/default/keymap.c **** void led_set_user(uint8_t usb_led) {
 130               		.loc 1 147 36 is_stmt 1 view -0
 131               		.cfi_startproc
 132               	/* prologue: function */
 133               	/* frame size = 0 */
 134               	/* stack size = 0 */
 135               	.L__stack_usage = 0
 148:keyboards/kb/keymaps/default/keymap.c **** 
 149:keyboards/kb/keymaps/default/keymap.c **** 	if (usb_led & (1 << USB_LED_NUM_LOCK)) {
 136               		.loc 1 149 2 view .LVU24
 150:keyboards/kb/keymaps/default/keymap.c **** 		
 151:keyboards/kb/keymaps/default/keymap.c **** 	} else {
 152:keyboards/kb/keymaps/default/keymap.c **** 		
 153:keyboards/kb/keymaps/default/keymap.c **** 	}
 137               		.loc 1 153 2 view .LVU25
 154:keyboards/kb/keymaps/default/keymap.c **** 
 155:keyboards/kb/keymaps/default/keymap.c **** 	if (usb_led & (1 << USB_LED_CAPS_LOCK)) {
 138               		.loc 1 155 2 view .LVU26
 139               		.loc 1 155 5 is_stmt 0 view .LVU27
 140 0000 81FF      		sbrs r24,1
 141 0002 00C0      		rjmp .L9
 156:keyboards/kb/keymaps/default/keymap.c **** 		DDRD |= (1 << 7); PORTD &= ~(1 << 7);
 142               		.loc 1 156 3 is_stmt 1 view .LVU28
 143               		.loc 1 156 8 is_stmt 0 view .LVU29
 144 0004 579A      		sbi 0xa,7
 145               		.loc 1 156 21 is_stmt 1 view .LVU30
 146               	.L11:
 157:keyboards/kb/keymaps/default/keymap.c **** 	} else {
 158:keyboards/kb/keymaps/default/keymap.c **** 		DDRD &= ~(1 << 7); PORTD &= ~(1 << 7);
 147               		.loc 1 158 22 view .LVU31
 148               		.loc 1 158 28 is_stmt 0 view .LVU32
 149 0006 5F98      		cbi 0xb,7
 159:keyboards/kb/keymaps/default/keymap.c **** 	}
 160:keyboards/kb/keymaps/default/keymap.c **** 
 161:keyboards/kb/keymaps/default/keymap.c **** 	if (usb_led & (1 << USB_LED_SCROLL_LOCK)) {
 150               		.loc 1 161 2 is_stmt 1 view .LVU33
 162:keyboards/kb/keymaps/default/keymap.c **** 		
 163:keyboards/kb/keymaps/default/keymap.c **** 	} else {
 164:keyboards/kb/keymaps/default/keymap.c **** 		
 165:keyboards/kb/keymaps/default/keymap.c **** 	}
 151               		.loc 1 165 2 view .LVU34
 166:keyboards/kb/keymaps/default/keymap.c **** 
 167:keyboards/kb/keymaps/default/keymap.c **** 	if (usb_led & (1 << USB_LED_COMPOSE)) {
 152               		.loc 1 167 2 view .LVU35
 168:keyboards/kb/keymaps/default/keymap.c **** 		
 169:keyboards/kb/keymaps/default/keymap.c **** 	} else {
 170:keyboards/kb/keymaps/default/keymap.c **** 		
 171:keyboards/kb/keymaps/default/keymap.c **** 	}
 153               		.loc 1 171 2 view .LVU36
 172:keyboards/kb/keymaps/default/keymap.c **** 
 173:keyboards/kb/keymaps/default/keymap.c **** 	if (usb_led & (1 << USB_LED_KANA)) {
 154               		.loc 1 173 2 view .LVU37
 174:keyboards/kb/keymaps/default/keymap.c **** 		
 175:keyboards/kb/keymaps/default/keymap.c **** 	} else {
 176:keyboards/kb/keymaps/default/keymap.c **** 		
 177:keyboards/kb/keymaps/default/keymap.c **** 	}
 155               		.loc 1 177 2 view .LVU38
 156               	/* epilogue start */
 178:keyboards/kb/keymaps/default/keymap.c **** 
 179:keyboards/kb/keymaps/default/keymap.c **** }...
 157               		.loc 1 179 1 is_stmt 0 view .LVU39
 158 0008 0895      		ret
 159               	.L9:
 158:keyboards/kb/keymaps/default/keymap.c **** 		DDRD &= ~(1 << 7); PORTD &= ~(1 << 7);
 160               		.loc 1 158 3 is_stmt 1 view .LVU40
 158:keyboards/kb/keymaps/default/keymap.c **** 		DDRD &= ~(1 << 7); PORTD &= ~(1 << 7);
 161               		.loc 1 158 8 is_stmt 0 view .LVU41
 162 000a 5798      		cbi 0xa,7
 163 000c 00C0      		rjmp .L11
 164               		.cfi_endproc
 165               	.LFE115:
 167               	.global	keymaps
 168               		.section	.progmem.data.keymaps,"a"
 171               	keymaps:
 172 0000 2900      		.word	41
 173 0002 1E00      		.word	30
 174 0004 1F00      		.word	31
 175 0006 2000      		.word	32
 176 0008 2100      		.word	33
 177 000a 2200      		.word	34
 178 000c 2300      		.word	35
 179 000e 2400      		.word	36
 180 0010 2500      		.word	37
 181 0012 2600      		.word	38
 182 0014 2700      		.word	39
 183 0016 2D00      		.word	45
 184 0018 2E00      		.word	46
 185 001a 2A00      		.word	42
 186 001c 3A00      		.word	58
 187 001e 2B00      		.word	43
 188 0020 1400      		.word	20
 189 0022 1A00      		.word	26
 190 0024 0800      		.word	8
 191 0026 1500      		.word	21
 192 0028 1700      		.word	23
 193 002a 1C00      		.word	28
 194 002c 1800      		.word	24
 195 002e 0C00      		.word	12
 196 0030 1200      		.word	18
 197 0032 1300      		.word	19
 198 0034 2F00      		.word	47
 199 0036 3000      		.word	48
 200 0038 3100      		.word	49
 201 003a 3B00      		.word	59
 202 003c 3900      		.word	57
 203 003e 0400      		.word	4
 204 0040 1600      		.word	22
 205 0042 0700      		.word	7
 206 0044 0900      		.word	9
 207 0046 0A00      		.word	10
 208 0048 0B00      		.word	11
 209 004a 0D00      		.word	13
 210 004c 0E00      		.word	14
 211 004e 0F00      		.word	15
 212 0050 3300      		.word	51
 213 0052 3400      		.word	52
 214 0054 0000      		.word	0
 215 0056 2800      		.word	40
 216 0058 3C00      		.word	60
 217 005a E100      		.word	225
 218 005c 3500      		.word	53
 219 005e 1D00      		.word	29
 220 0060 1B00      		.word	27
 221 0062 0600      		.word	6
 222 0064 1900      		.word	25
 223 0066 0500      		.word	5
 224 0068 1100      		.word	17
 225 006a 1000      		.word	16
 226 006c 3600      		.word	54
 227 006e 3700      		.word	55
 228 0070 3800      		.word	56
 229 0072 E500      		.word	229
 230 0074 0000      		.word	0
 231 0076 3D00      		.word	61
 232 0078 E000      		.word	224
 233 007a E200      		.word	226
 234 007c E300      		.word	227
 235 007e 0000      		.word	0
 236 0080 0000      		.word	0
 237 0082 0000      		.word	0
 238 0084 2C00      		.word	44
 239 0086 0000      		.word	0
 240 0088 0000      		.word	0
 241 008a 0000      		.word	0
 242 008c E700      		.word	231
 243 008e E600      		.word	230
 244 0090 7600      		.word	118
 245 0092 E400      		.word	228
 246 0094 3E00      		.word	62
 247 0096 0100      		.word	1
 248 0098 5900      		.word	89
 249 009a 5A00      		.word	90
 250 009c 5B00      		.word	91
 251 009e 5C00      		.word	92
 252 00a0 5D00      		.word	93
 253 00a2 5E00      		.word	94
 254 00a4 5F00      		.word	95
 255 00a6 6000      		.word	96
 256 00a8 6100      		.word	97
 257 00aa 6200      		.word	98
 258 00ac 5600      		.word	86
 259 00ae 5700      		.word	87
 260 00b0 4C00      		.word	76
 261 00b2 3F00      		.word	63
 262 00b4 0100      		.word	1
 263 00b6 4B00      		.word	75
 264 00b8 5200      		.word	82
 265 00ba 4A00      		.word	74
 266 00bc 0100      		.word	1
 267 00be 0100      		.word	1
 268 00c0 0100      		.word	1
 269 00c2 0100      		.word	1
 270 00c4 0100      		.word	1
 271 00c6 0100      		.word	1
 272 00c8 0100      		.word	1
 273 00ca 0100      		.word	1
 274 00cc 0100      		.word	1
 275 00ce 0100      		.word	1
 276 00d0 4000      		.word	64
 277 00d2 0100      		.word	1
 278 00d4 5000      		.word	80
 279 00d6 5100      		.word	81
 280 00d8 4F00      		.word	79
 281 00da 0100      		.word	1
 282 00dc 0100      		.word	1
 283 00de 0100      		.word	1
 284 00e0 0100      		.word	1
 285 00e2 0100      		.word	1
 286 00e4 0100      		.word	1
 287 00e6 0100      		.word	1
 288 00e8 0100      		.word	1
 289 00ea 0000      		.word	0
 290 00ec 5800      		.word	88
 291 00ee 4100      		.word	65
 292 00f0 0100      		.word	1
 293 00f2 0100      		.word	1
 294 00f4 4E00      		.word	78
 295 00f6 0100      		.word	1
 296 00f8 4D00      		.word	77
 297 00fa 0100      		.word	1
 298 00fc 0100      		.word	1
 299 00fe 0100      		.word	1
 300 0100 0100      		.word	1
 301 0102 0100      		.word	1
 302 0104 6300      		.word	99
 303 0106 5400      		.word	84
 304 0108 0100      		.word	1
 305 010a 0000      		.word	0
 306 010c 4200      		.word	66
 307 010e 0100      		.word	1
 308 0110 0100      		.word	1
 309 0112 0100      		.word	1
 310 0114 0000      		.word	0
 311 0116 0000      		.word	0
 312 0118 0000      		.word	0
 313 011a 0100      		.word	1
 314 011c 0000      		.word	0
 315 011e 0000      		.word	0
 316 0120 0000      		.word	0
 317 0122 0100      		.word	1
 318 0124 0100      		.word	1
 319 0126 0100      		.word	1
 320 0128 0100      		.word	1
 321 012a 4300      		.word	67
 322 012c 0100      		.word	1
 323 012e 0100      		.word	1
 324 0130 0100      		.word	1
 325 0132 0100      		.word	1
 326 0134 0100      		.word	1
 327 0136 0100      		.word	1
 328 0138 0100      		.word	1
 329 013a 0100      		.word	1
 330 013c 0100      		.word	1
 331 013e 0100      		.word	1
 332 0140 0100      		.word	1
 333 0142 0100      		.word	1
 334 0144 0100      		.word	1
 335 0146 0100      		.word	1
 336 0148 0100      		.word	1
 337 014a 0100      		.word	1
 338 014c 0100      		.word	1
 339 014e 0100      		.word	1
 340 0150 0100      		.word	1
 341 0152 0100      		.word	1
 342 0154 0100      		.word	1
 343 0156 0100      		.word	1
 344 0158 0100      		.word	1
 345 015a 0100      		.word	1
 346 015c 0100      		.word	1
 347 015e 0100      		.word	1
 348 0160 0100      		.word	1
 349 0162 0100      		.word	1
 350 0164 0100      		.word	1
 351 0166 0100      		.word	1
 352 0168 0100      		.word	1
 353 016a 0100      		.word	1
 354 016c 0100      		.word	1
 355 016e 0100      		.word	1
 356 0170 0100      		.word	1
 357 0172 0100      		.word	1
 358 0174 0100      		.word	1
 359 0176 0100      		.word	1
 360 0178 0100      		.word	1
 361 017a 0100      		.word	1
 362 017c 0100      		.word	1
 363 017e 0100      		.word	1
 364 0180 0000      		.word	0
 365 0182 0100      		.word	1
 366 0184 0100      		.word	1
 367 0186 0100      		.word	1
 368 0188 0100      		.word	1
 369 018a 0100      		.word	1
 370 018c 0100      		.word	1
 371 018e 0100      		.word	1
 372 0190 0100      		.word	1
 373 0192 0100      		.word	1
 374 0194 0100      		.word	1
 375 0196 0100      		.word	1
 376 0198 0100      		.word	1
 377 019a 0100      		.word	1
 378 019c 0100      		.word	1
 379 019e 0100      		.word	1
 380 01a0 0000      		.word	0
 381 01a2 0100      		.word	1
 382 01a4 0100      		.word	1
 383 01a6 0100      		.word	1
 384 01a8 0100      		.word	1
 385 01aa 0000      		.word	0
 386 01ac 0000      		.word	0
 387 01ae 0000      		.word	0
 388 01b0 0100      		.word	1
 389 01b2 0000      		.word	0
 390 01b4 0000      		.word	0
 391 01b6 0000      		.word	0
 392 01b8 0100      		.word	1
 393 01ba 0100      		.word	1
 394 01bc 0100      		.word	1
 395 01be 0100      		.word	1
 396 01c0 0100      		.word	1
 397 01c2 0100      		.word	1
 398 01c4 0100      		.word	1
 399 01c6 0100      		.word	1
 400 01c8 0100      		.word	1
 401 01ca 0100      		.word	1
 402 01cc 0100      		.word	1
 403 01ce 0100      		.word	1
 404 01d0 0100      		.word	1
 405 01d2 0100      		.word	1
 406 01d4 0100      		.word	1
 407 01d6 0100      		.word	1
 408 01d8 0100      		.word	1
 409 01da 0100      		.word	1
 410 01dc 0100      		.word	1
 411 01de 0100      		.word	1
 412 01e0 0100      		.word	1
 413 01e2 0100      		.word	1
 414 01e4 0100      		.word	1
 415 01e6 0100      		.word	1
 416 01e8 0100      		.word	1
 417 01ea 0100      		.word	1
 418 01ec 0100      		.word	1
 419 01ee 0100      		.word	1
 420 01f0 0100      		.word	1
 421 01f2 0100      		.word	1
 422 01f4 0100      		.word	1
 423 01f6 0100      		.word	1
 424 01f8 0100      		.word	1
 425 01fa 0100      		.word	1
 426 01fc 0100      		.word	1
 427 01fe 0100      		.word	1
 428 0200 0100      		.word	1
 429 0202 0100      		.word	1
 430 0204 0100      		.word	1
 431 0206 0100      		.word	1
 432 0208 0100      		.word	1
 433 020a 0100      		.word	1
 434 020c 0100      		.word	1
 435 020e 0100      		.word	1
 436 0210 0100      		.word	1
 437 0212 0100      		.word	1
 438 0214 0100      		.word	1
 439 0216 0000      		.word	0
 440 0218 0100      		.word	1
 441 021a 0100      		.word	1
 442 021c 0100      		.word	1
 443 021e 0100      		.word	1
 444 0220 0100      		.word	1
 445 0222 0100      		.word	1
 446 0224 0100      		.word	1
 447 0226 0100      		.word	1
 448 0228 0100      		.word	1
 449 022a 0100      		.word	1
 450 022c 0100      		.word	1
 451 022e 0100      		.word	1
 452 0230 0100      		.word	1
 453 0232 0100      		.word	1
 454 0234 0100      		.word	1
 455 0236 0000      		.word	0
 456 0238 0100      		.word	1
 457 023a 0100      		.word	1
 458 023c 0100      		.word	1
 459 023e 0100      		.word	1
 460 0240 0000      		.word	0
 461 0242 0000      		.word	0
 462 0244 0000      		.word	0
 463 0246 0100      		.word	1
 464 0248 0000      		.word	0
 465 024a 0000      		.word	0
 466 024c 0000      		.word	0
 467 024e 0100      		.word	1
 468 0250 0100      		.word	1
 469 0252 0100      		.word	1
 470 0254 0100      		.word	1
 471 0256 0100      		.word	1
 472 0258 0100      		.word	1
 473 025a 0100      		.word	1
 474 025c 0100      		.word	1
 475 025e 0100      		.word	1
 476 0260 0100      		.word	1
 477 0262 0100      		.word	1
 478 0264 0100      		.word	1
 479 0266 0100      		.word	1
 480 0268 0100      		.word	1
 481 026a 0100      		.word	1
 482 026c 0100      		.word	1
 483 026e 0100      		.word	1
 484 0270 0100      		.word	1
 485 0272 0100      		.word	1
 486 0274 0100      		.word	1
 487 0276 0100      		.word	1
 488 0278 0100      		.word	1
 489 027a 0100      		.word	1
 490 027c 0100      		.word	1
 491 027e 0100      		.word	1
 492 0280 0100      		.word	1
 493 0282 0100      		.word	1
 494 0284 0100      		.word	1
 495 0286 0100      		.word	1
 496 0288 0100      		.word	1
 497 028a 0100      		.word	1
 498 028c 0100      		.word	1
 499 028e 0100      		.word	1
 500 0290 0100      		.word	1
 501 0292 0100      		.word	1
 502 0294 0100      		.word	1
 503 0296 0100      		.word	1
 504 0298 0100      		.word	1
 505 029a 0100      		.word	1
 506 029c 0100      		.word	1
 507 029e 0100      		.word	1
 508 02a0 0100      		.word	1
 509 02a2 0100      		.word	1
 510 02a4 0100      		.word	1
 511 02a6 0100      		.word	1
 512 02a8 0100      		.word	1
 513 02aa 0100      		.word	1
 514 02ac 0000      		.word	0
 515 02ae 0100      		.word	1
 516 02b0 0100      		.word	1
 517 02b2 0100      		.word	1
 518 02b4 0100      		.word	1
 519 02b6 0100      		.word	1
 520 02b8 0100      		.word	1
 521 02ba 0100      		.word	1
 522 02bc 0100      		.word	1
 523 02be 0100      		.word	1
 524 02c0 0100      		.word	1
 525 02c2 0100      		.word	1
 526 02c4 0100      		.word	1
 527 02c6 0100      		.word	1
 528 02c8 0100      		.word	1
 529 02ca 0100      		.word	1
 530 02cc 0000      		.word	0
 531 02ce 0100      		.word	1
 532 02d0 0100      		.word	1
 533 02d2 0100      		.word	1
 534 02d4 0100      		.word	1
 535 02d6 0000      		.word	0
 536 02d8 0000      		.word	0
 537 02da 0000      		.word	0
 538 02dc 0100      		.word	1
 539 02de 0000      		.word	0
 540 02e0 0000      		.word	0
 541 02e2 0000      		.word	0
 542 02e4 0100      		.word	1
 543 02e6 0100      		.word	1
 544 02e8 0100      		.word	1
 545 02ea 0100      		.word	1
 546 02ec 0100      		.word	1
 547 02ee 0100      		.word	1
 548 02f0 0100      		.word	1
 549 02f2 0100      		.word	1
 550 02f4 0100      		.word	1
 551 02f6 0100      		.word	1
 552 02f8 0100      		.word	1
 553 02fa 0100      		.word	1
 554 02fc 0100      		.word	1
 555 02fe 0100      		.word	1
 556 0300 0100      		.word	1
 557 0302 0100      		.word	1
 558 0304 0100      		.word	1
 559 0306 0100      		.word	1
 560 0308 0100      		.word	1
 561 030a 0100      		.word	1
 562 030c 0100      		.word	1
 563 030e 0100      		.word	1
 564 0310 0100      		.word	1
 565 0312 0100      		.word	1
 566 0314 0100      		.word	1
 567 0316 0100      		.word	1
 568 0318 0100      		.word	1
 569 031a 0100      		.word	1
 570 031c 0100      		.word	1
 571 031e 0100      		.word	1
 572 0320 0100      		.word	1
 573 0322 0100      		.word	1
 574 0324 0100      		.word	1
 575 0326 0100      		.word	1
 576 0328 0100      		.word	1
 577 032a 0100      		.word	1
 578 032c 0100      		.word	1
 579 032e 0100      		.word	1
 580 0330 0100      		.word	1
 581 0332 0100      		.word	1
 582 0334 0100      		.word	1
 583 0336 0100      		.word	1
 584 0338 0100      		.word	1
 585 033a 0100      		.word	1
 586 033c 0100      		.word	1
 587 033e 0100      		.word	1
 588 0340 0100      		.word	1
 589 0342 0000      		.word	0
 590 0344 0100      		.word	1
 591 0346 0100      		.word	1
 592 0348 0100      		.word	1
 593 034a 0100      		.word	1
 594 034c 0100      		.word	1
 595 034e 0100      		.word	1
 596 0350 0100      		.word	1
 597 0352 0100      		.word	1
 598 0354 0100      		.word	1
 599 0356 0100      		.word	1
 600 0358 0100      		.word	1
 601 035a 0100      		.word	1
 602 035c 0100      		.word	1
 603 035e 0100      		.word	1
 604 0360 0100      		.word	1
 605 0362 0000      		.word	0
 606 0364 0100      		.word	1
 607 0366 0100      		.word	1
 608 0368 0100      		.word	1
 609 036a 0100      		.word	1
 610 036c 0000      		.word	0
 611 036e 0000      		.word	0
 612 0370 0000      		.word	0
 613 0372 0100      		.word	1
 614 0374 0000      		.word	0
 615 0376 0000      		.word	0
 616 0378 0000      		.word	0
 617 037a 0100      		.word	1
 618 037c 0100      		.word	1
 619 037e 0100      		.word	1
 620 0380 0100      		.word	1
 621 0382 0100      		.word	1
 622 0384 0100      		.word	1
 623 0386 0100      		.word	1
 624 0388 0100      		.word	1
 625 038a 0100      		.word	1
 626 038c 0100      		.word	1
 627 038e 0100      		.word	1
 628 0390 0100      		.word	1
 629 0392 0100      		.word	1
 630 0394 0100      		.word	1
 631 0396 0100      		.word	1
 632 0398 0100      		.word	1
 633 039a 0100      		.word	1
 634 039c 0100      		.word	1
 635 039e 0100      		.word	1
 636 03a0 0100      		.word	1
 637 03a2 0100      		.word	1
 638 03a4 0100      		.word	1
 639 03a6 0100      		.word	1
 640 03a8 0100      		.word	1
 641 03aa 0100      		.word	1
 642 03ac 0100      		.word	1
 643 03ae 0100      		.word	1
 644 03b0 0100      		.word	1
 645 03b2 0100      		.word	1
 646 03b4 0100      		.word	1
 647 03b6 0100      		.word	1
 648 03b8 0100      		.word	1
 649 03ba 0100      		.word	1
 650 03bc 0100      		.word	1
 651 03be 0100      		.word	1
 652 03c0 0100      		.word	1
 653 03c2 0100      		.word	1
 654 03c4 0100      		.word	1
 655 03c6 0100      		.word	1
 656 03c8 0100      		.word	1
 657 03ca 0100      		.word	1
 658 03cc 0100      		.word	1
 659 03ce 0100      		.word	1
 660 03d0 0100      		.word	1
 661 03d2 0100      		.word	1
 662 03d4 0100      		.word	1
 663 03d6 0100      		.word	1
 664 03d8 0000      		.word	0
 665 03da 0100      		.word	1
 666 03dc 0100      		.word	1
 667 03de 0100      		.word	1
 668 03e0 0100      		.word	1
 669 03e2 0100      		.word	1
 670 03e4 0100      		.word	1
 671 03e6 0100      		.word	1
 672 03e8 0100      		.word	1
 673 03ea 0100      		.word	1
 674 03ec 0100      		.word	1
 675 03ee 0100      		.word	1
 676 03f0 0100      		.word	1
 677 03f2 0100      		.word	1
 678 03f4 0100      		.word	1
 679 03f6 0100      		.word	1
 680 03f8 0000      		.word	0
 681 03fa 0100      		.word	1
 682 03fc 0100      		.word	1
 683 03fe 0100      		.word	1
 684 0400 0100      		.word	1
 685 0402 0000      		.word	0
 686 0404 0000      		.word	0
 687 0406 0000      		.word	0
 688 0408 0100      		.word	1
 689 040a 0000      		.word	0
 690 040c 0000      		.word	0
 691 040e 0000      		.word	0
 692 0410 0100      		.word	1
 693 0412 0100      		.word	1
 694 0414 0100      		.word	1
 695 0416 0100      		.word	1
 696 0418 0100      		.word	1
 697 041a 0100      		.word	1
 698 041c 0100      		.word	1
 699 041e 0100      		.word	1
 700 0420 0100      		.word	1
 701 0422 0100      		.word	1
 702 0424 0100      		.word	1
 703 0426 0100      		.word	1
 704 0428 0100      		.word	1
 705 042a 0100      		.word	1
 706 042c 0100      		.word	1
 707 042e 0100      		.word	1
 708 0430 0100      		.word	1
 709 0432 0100      		.word	1
 710 0434 0100      		.word	1
 711 0436 0100      		.word	1
 712 0438 0100      		.word	1
 713 043a 0100      		.word	1
 714 043c 0100      		.word	1
 715 043e 0100      		.word	1
 716 0440 0100      		.word	1
 717 0442 0100      		.word	1
 718 0444 0100      		.word	1
 719 0446 0100      		.word	1
 720 0448 0100      		.word	1
 721 044a 0100      		.word	1
 722 044c 0100      		.word	1
 723 044e 0100      		.word	1
 724 0450 0100      		.word	1
 725 0452 0100      		.word	1
 726 0454 0100      		.word	1
 727 0456 0100      		.word	1
 728 0458 0100      		.word	1
 729 045a 0100      		.word	1
 730 045c 0100      		.word	1
 731 045e 0100      		.word	1
 732 0460 0100      		.word	1
 733 0462 0100      		.word	1
 734 0464 0100      		.word	1
 735 0466 0100      		.word	1
 736 0468 0100      		.word	1
 737 046a 0100      		.word	1
 738 046c 0100      		.word	1
 739 046e 0000      		.word	0
 740 0470 0100      		.word	1
 741 0472 0100      		.word	1
 742 0474 0100      		.word	1
 743 0476 0100      		.word	1
 744 0478 0100      		.word	1
 745 047a 0100      		.word	1
 746 047c 0100      		.word	1
 747 047e 0100      		.word	1
 748 0480 0100      		.word	1
 749 0482 0100      		.word	1
 750 0484 0100      		.word	1
 751 0486 0100      		.word	1
 752 0488 0100      		.word	1
 753 048a 0100      		.word	1
 754 048c 0100      		.word	1
 755 048e 0000      		.word	0
 756 0490 0100      		.word	1
 757 0492 0100      		.word	1
 758 0494 0100      		.word	1
 759 0496 0100      		.word	1
 760 0498 0000      		.word	0
 761 049a 0000      		.word	0
 762 049c 0000      		.word	0
 763 049e 0100      		.word	1
 764 04a0 0000      		.word	0
 765 04a2 0000      		.word	0
 766 04a4 0000      		.word	0
 767 04a6 0100      		.word	1
 768 04a8 0100      		.word	1
 769 04aa 0100      		.word	1
 770 04ac 0100      		.word	1
 771 04ae 0100      		.word	1
 772 04b0 0100      		.word	1
 773 04b2 0100      		.word	1
 774 04b4 0100      		.word	1
 775 04b6 0100      		.word	1
 776 04b8 0100      		.word	1
 777 04ba 0100      		.word	1
 778 04bc 0100      		.word	1
 779 04be 0100      		.word	1
 780 04c0 0100      		.word	1
 781 04c2 0100      		.word	1
 782 04c4 0100      		.word	1
 783 04c6 0100      		.word	1
 784 04c8 0100      		.word	1
 785 04ca 0100      		.word	1
 786 04cc 0100      		.word	1
 787 04ce 0100      		.word	1
 788 04d0 0100      		.word	1
 789 04d2 0100      		.word	1
 790 04d4 0100      		.word	1
 791 04d6 0100      		.word	1
 792 04d8 0100      		.word	1
 793 04da 0100      		.word	1
 794 04dc 0100      		.word	1
 795 04de 0100      		.word	1
 796 04e0 0100      		.word	1
 797 04e2 0100      		.word	1
 798 04e4 0100      		.word	1
 799 04e6 0100      		.word	1
 800 04e8 0100      		.word	1
 801 04ea 0100      		.word	1
 802 04ec 0100      		.word	1
 803 04ee 0100      		.word	1
 804 04f0 0100      		.word	1
 805 04f2 0100      		.word	1
 806 04f4 0100      		.word	1
 807 04f6 0100      		.word	1
 808 04f8 0100      		.word	1
 809 04fa 0100      		.word	1
 810 04fc 0100      		.word	1
 811 04fe 0100      		.word	1
 812 0500 0100      		.word	1
 813 0502 0100      		.word	1
 814 0504 0000      		.word	0
 815 0506 0100      		.word	1
 816 0508 0100      		.word	1
 817 050a 0100      		.word	1
 818 050c 0100      		.word	1
 819 050e 0100      		.word	1
 820 0510 0100      		.word	1
 821 0512 0100      		.word	1
 822 0514 0100      		.word	1
 823 0516 0100      		.word	1
 824 0518 0100      		.word	1
 825 051a 0100      		.word	1
 826 051c 0100      		.word	1
 827 051e 0100      		.word	1
 828 0520 0100      		.word	1
 829 0522 0100      		.word	1
 830 0524 0000      		.word	0
 831 0526 0100      		.word	1
 832 0528 0100      		.word	1
 833 052a 0100      		.word	1
 834 052c 0100      		.word	1
 835 052e 0000      		.word	0
 836 0530 0000      		.word	0
 837 0532 0000      		.word	0
 838 0534 0100      		.word	1
 839 0536 0000      		.word	0
 840 0538 0000      		.word	0
 841 053a 0000      		.word	0
 842 053c 0100      		.word	1
 843 053e 0100      		.word	1
 844 0540 0100      		.word	1
 845 0542 0100      		.word	1
 846 0544 0100      		.word	1
 847 0546 0100      		.word	1
 848 0548 0100      		.word	1
 849 054a 0100      		.word	1
 850 054c 0100      		.word	1
 851 054e 0100      		.word	1
 852 0550 0100      		.word	1
 853 0552 0100      		.word	1
 854 0554 0100      		.word	1
 855 0556 0100      		.word	1
 856 0558 0100      		.word	1
 857 055a 0100      		.word	1
 858 055c 0100      		.word	1
 859 055e 0100      		.word	1
 860 0560 0100      		.word	1
 861 0562 0100      		.word	1
 862 0564 0100      		.word	1
 863 0566 0100      		.word	1
 864 0568 0100      		.word	1
 865 056a 0100      		.word	1
 866 056c 0100      		.word	1
 867 056e 0100      		.word	1
 868 0570 0100      		.word	1
 869 0572 0100      		.word	1
 870 0574 0100      		.word	1
 871 0576 0100      		.word	1
 872 0578 0100      		.word	1
 873 057a 0100      		.word	1
 874 057c 0100      		.word	1
 875 057e 0100      		.word	1
 876 0580 0100      		.word	1
 877 0582 0100      		.word	1
 878 0584 0100      		.word	1
 879 0586 0100      		.word	1
 880 0588 0100      		.word	1
 881 058a 0100      		.word	1
 882 058c 0100      		.word	1
 883 058e 0100      		.word	1
 884 0590 0100      		.word	1
 885 0592 0100      		.word	1
 886 0594 0100      		.word	1
 887 0596 0100      		.word	1
 888 0598 0100      		.word	1
 889 059a 0000      		.word	0
 890 059c 0100      		.word	1
 891 059e 0100      		.word	1
 892 05a0 0100      		.word	1
 893 05a2 0100      		.word	1
 894 05a4 0100      		.word	1
 895 05a6 0100      		.word	1
 896 05a8 0100      		.word	1
 897 05aa 0100      		.word	1
 898 05ac 0100      		.word	1
 899 05ae 0100      		.word	1
 900 05b0 0100      		.word	1
 901 05b2 0100      		.word	1
 902 05b4 0100      		.word	1
 903 05b6 0100      		.word	1
 904 05b8 0100      		.word	1
 905 05ba 0000      		.word	0
 906 05bc 0100      		.word	1
 907 05be 0100      		.word	1
 908 05c0 0100      		.word	1
 909 05c2 0100      		.word	1
 910 05c4 0000      		.word	0
 911 05c6 0000      		.word	0
 912 05c8 0000      		.word	0
 913 05ca 0100      		.word	1
 914 05cc 0000      		.word	0
 915 05ce 0000      		.word	0
 916 05d0 0000      		.word	0
 917 05d2 0100      		.word	1
 918 05d4 0100      		.word	1
 919 05d6 0100      		.word	1
 920 05d8 0100      		.word	1
 921 05da 0100      		.word	1
 922 05dc 0100      		.word	1
 923 05de 0100      		.word	1
 924 05e0 0100      		.word	1
 925 05e2 0100      		.word	1
 926 05e4 0100      		.word	1
 927 05e6 0100      		.word	1
 928 05e8 0100      		.word	1
 929 05ea 0100      		.word	1
 930 05ec 0100      		.word	1
 931 05ee 0100      		.word	1
 932 05f0 0100      		.word	1
 933 05f2 0100      		.word	1
 934 05f4 0100      		.word	1
 935 05f6 0100      		.word	1
 936 05f8 0100      		.word	1
 937 05fa 0100      		.word	1
 938 05fc 0100      		.word	1
 939 05fe 0100      		.word	1
 940 0600 0100      		.word	1
 941 0602 0100      		.word	1
 942 0604 0100      		.word	1
 943 0606 0100      		.word	1
 944 0608 0100      		.word	1
 945 060a 0100      		.word	1
 946 060c 0100      		.word	1
 947 060e 0100      		.word	1
 948 0610 0100      		.word	1
 949 0612 0100      		.word	1
 950 0614 0100      		.word	1
 951 0616 0100      		.word	1
 952 0618 0100      		.word	1
 953 061a 0100      		.word	1
 954 061c 0100      		.word	1
 955 061e 0100      		.word	1
 956 0620 0100      		.word	1
 957 0622 0100      		.word	1
 958 0624 0100      		.word	1
 959 0626 0100      		.word	1
 960 0628 0100      		.word	1
 961 062a 0100      		.word	1
 962 062c 0100      		.word	1
 963 062e 0100      		.word	1
 964 0630 0000      		.word	0
 965 0632 0100      		.word	1
 966 0634 0100      		.word	1
 967 0636 0100      		.word	1
 968 0638 0100      		.word	1
 969 063a 0100      		.word	1
 970 063c 0100      		.word	1
 971 063e 0100      		.word	1
 972 0640 0100      		.word	1
 973 0642 0100      		.word	1
 974 0644 0100      		.word	1
 975 0646 0100      		.word	1
 976 0648 0100      		.word	1
 977 064a 0100      		.word	1
 978 064c 0100      		.word	1
 979 064e 0100      		.word	1
 980 0650 0000      		.word	0
 981 0652 0100      		.word	1
 982 0654 0100      		.word	1
 983 0656 0100      		.word	1
 984 0658 0100      		.word	1
 985 065a 0000      		.word	0
 986 065c 0000      		.word	0
 987 065e 0000      		.word	0
 988 0660 0100      		.word	1
 989 0662 0000      		.word	0
 990 0664 0000      		.word	0
 991 0666 0000      		.word	0
 992 0668 0100      		.word	1
 993 066a 0100      		.word	1
 994 066c 0100      		.word	1
 995 066e 0100      		.word	1
 996 0670 0100      		.word	1
 997 0672 0100      		.word	1
 998 0674 0100      		.word	1
 999 0676 0100      		.word	1
 1000 0678 0100      		.word	1
 1001 067a 0100      		.word	1
 1002 067c 0100      		.word	1
 1003 067e 0100      		.word	1
 1004 0680 0100      		.word	1
 1005 0682 0100      		.word	1
 1006 0684 0100      		.word	1
 1007 0686 0100      		.word	1
 1008 0688 0100      		.word	1
 1009 068a 0100      		.word	1
 1010 068c 0100      		.word	1
 1011 068e 0100      		.word	1
 1012 0690 0100      		.word	1
 1013 0692 0100      		.word	1
 1014 0694 0100      		.word	1
 1015 0696 0100      		.word	1
 1016 0698 0100      		.word	1
 1017 069a 0100      		.word	1
 1018 069c 0100      		.word	1
 1019 069e 0100      		.word	1
 1020 06a0 0100      		.word	1
 1021 06a2 0100      		.word	1
 1022 06a4 0100      		.word	1
 1023 06a6 0100      		.word	1
 1024 06a8 0100      		.word	1
 1025 06aa 0100      		.word	1
 1026 06ac 0100      		.word	1
 1027 06ae 0100      		.word	1
 1028 06b0 0100      		.word	1
 1029 06b2 0100      		.word	1
 1030 06b4 0100      		.word	1
 1031 06b6 0100      		.word	1
 1032 06b8 0100      		.word	1
 1033 06ba 0100      		.word	1
 1034 06bc 0100      		.word	1
 1035 06be 0100      		.word	1
 1036 06c0 0100      		.word	1
 1037 06c2 0100      		.word	1
 1038 06c4 0100      		.word	1
 1039 06c6 0000      		.word	0
 1040 06c8 0100      		.word	1
 1041 06ca 0100      		.word	1
 1042 06cc 0100      		.word	1
 1043 06ce 0100      		.word	1
 1044 06d0 0100      		.word	1
 1045 06d2 0100      		.word	1
 1046 06d4 0100      		.word	1
 1047 06d6 0100      		.word	1
 1048 06d8 0100      		.word	1
 1049 06da 0100      		.word	1
 1050 06dc 0100      		.word	1
 1051 06de 0100      		.word	1
 1052 06e0 0100      		.word	1
 1053 06e2 0100      		.word	1
 1054 06e4 0100      		.word	1
 1055 06e6 0000      		.word	0
 1056 06e8 0100      		.word	1
 1057 06ea 0100      		.word	1
 1058 06ec 0100      		.word	1
 1059 06ee 0100      		.word	1
 1060 06f0 0000      		.word	0
 1061 06f2 0000      		.word	0
 1062 06f4 0000      		.word	0
 1063 06f6 0100      		.word	1
 1064 06f8 0000      		.word	0
 1065 06fa 0000      		.word	0
 1066 06fc 0000      		.word	0
 1067 06fe 0100      		.word	1
 1068 0700 0100      		.word	1
 1069 0702 0100      		.word	1
 1070 0704 0100      		.word	1
 1071 0706 0100      		.word	1
 1072 0708 0100      		.word	1
 1073 070a 0100      		.word	1
 1074 070c 0100      		.word	1
 1075 070e 0100      		.word	1
 1076 0710 0100      		.word	1
 1077 0712 0100      		.word	1
 1078 0714 0100      		.word	1
 1079 0716 0100      		.word	1
 1080 0718 0100      		.word	1
 1081 071a 0100      		.word	1
 1082 071c 0100      		.word	1
 1083 071e 0100      		.word	1
 1084 0720 0100      		.word	1
 1085 0722 0100      		.word	1
 1086 0724 0100      		.word	1
 1087 0726 0100      		.word	1
 1088 0728 0100      		.word	1
 1089 072a 0100      		.word	1
 1090 072c 0100      		.word	1
 1091 072e 0100      		.word	1
 1092 0730 0100      		.word	1
 1093 0732 0100      		.word	1
 1094 0734 0100      		.word	1
 1095 0736 0100      		.word	1
 1096 0738 0100      		.word	1
 1097 073a 0100      		.word	1
 1098 073c 0100      		.word	1
 1099 073e 0100      		.word	1
 1100 0740 0100      		.word	1
 1101 0742 0100      		.word	1
 1102 0744 0100      		.word	1
 1103 0746 0100      		.word	1
 1104 0748 0100      		.word	1
 1105 074a 0100      		.word	1
 1106 074c 0100      		.word	1
 1107 074e 0100      		.word	1
 1108 0750 0100      		.word	1
 1109 0752 0100      		.word	1
 1110 0754 0100      		.word	1
 1111 0756 0100      		.word	1
 1112 0758 0100      		.word	1
 1113 075a 0100      		.word	1
 1114 075c 0000      		.word	0
 1115 075e 0100      		.word	1
 1116 0760 0100      		.word	1
 1117 0762 0100      		.word	1
 1118 0764 0100      		.word	1
 1119 0766 0100      		.word	1
 1120 0768 0100      		.word	1
 1121 076a 0100      		.word	1
 1122 076c 0100      		.word	1
 1123 076e 0100      		.word	1
 1124 0770 0100      		.word	1
 1125 0772 0100      		.word	1
 1126 0774 0100      		.word	1
 1127 0776 0100      		.word	1
 1128 0778 0100      		.word	1
 1129 077a 0100      		.word	1
 1130 077c 0000      		.word	0
 1131 077e 0100      		.word	1
 1132 0780 0100      		.word	1
 1133 0782 0100      		.word	1
 1134 0784 0100      		.word	1
 1135 0786 0000      		.word	0
 1136 0788 0000      		.word	0
 1137 078a 0000      		.word	0
 1138 078c 0100      		.word	1
 1139 078e 0000      		.word	0
 1140 0790 0000      		.word	0
 1141 0792 0000      		.word	0
 1142 0794 0100      		.word	1
 1143 0796 0100      		.word	1
 1144 0798 0100      		.word	1
 1145 079a 0100      		.word	1
 1146 079c 0100      		.word	1
 1147 079e 0100      		.word	1
 1148 07a0 0100      		.word	1
 1149 07a2 0100      		.word	1
 1150 07a4 0100      		.word	1
 1151 07a6 0100      		.word	1
 1152 07a8 0100      		.word	1
 1153 07aa 0100      		.word	1
 1154 07ac 0100      		.word	1
 1155 07ae 0100      		.word	1
 1156 07b0 0100      		.word	1
 1157 07b2 0100      		.word	1
 1158 07b4 0100      		.word	1
 1159 07b6 0100      		.word	1
 1160 07b8 0100      		.word	1
 1161 07ba 0100      		.word	1
 1162 07bc 0100      		.word	1
 1163 07be 0100      		.word	1
 1164 07c0 0100      		.word	1
 1165 07c2 0100      		.word	1
 1166 07c4 0100      		.word	1
 1167 07c6 0100      		.word	1
 1168 07c8 0100      		.word	1
 1169 07ca 0100      		.word	1
 1170 07cc 0100      		.word	1
 1171 07ce 0100      		.word	1
 1172 07d0 0100      		.word	1
 1173 07d2 0100      		.word	1
 1174 07d4 0100      		.word	1
 1175 07d6 0100      		.word	1
 1176 07d8 0100      		.word	1
 1177 07da 0100      		.word	1
 1178 07dc 0100      		.word	1
 1179 07de 0100      		.word	1
 1180 07e0 0100      		.word	1
 1181 07e2 0100      		.word	1
 1182 07e4 0100      		.word	1
 1183 07e6 0100      		.word	1
 1184 07e8 0100      		.word	1
 1185 07ea 0100      		.word	1
 1186 07ec 0100      		.word	1
 1187 07ee 0100      		.word	1
 1188 07f0 0100      		.word	1
 1189 07f2 0000      		.word	0
 1190 07f4 0100      		.word	1
 1191 07f6 0100      		.word	1
 1192 07f8 0100      		.word	1
 1193 07fa 0100      		.word	1
 1194 07fc 0100      		.word	1
 1195 07fe 0100      		.word	1
 1196 0800 0100      		.word	1
 1197 0802 0100      		.word	1
 1198 0804 0100      		.word	1
 1199 0806 0100      		.word	1
 1200 0808 0100      		.word	1
 1201 080a 0100      		.word	1
 1202 080c 0100      		.word	1
 1203 080e 0100      		.word	1
 1204 0810 0100      		.word	1
 1205 0812 0000      		.word	0
 1206 0814 0100      		.word	1
 1207 0816 0100      		.word	1
 1208 0818 0100      		.word	1
 1209 081a 0100      		.word	1
 1210 081c 0000      		.word	0
 1211 081e 0000      		.word	0
 1212 0820 0000      		.word	0
 1213 0822 0100      		.word	1
 1214 0824 0000      		.word	0
 1215 0826 0000      		.word	0
 1216 0828 0000      		.word	0
 1217 082a 0100      		.word	1
 1218 082c 0100      		.word	1
 1219 082e 0100      		.word	1
 1220 0830 0100      		.word	1
 1221 0832 0100      		.word	1
 1222 0834 0100      		.word	1
 1223 0836 0100      		.word	1
 1224 0838 0100      		.word	1
 1225 083a 0100      		.word	1
 1226 083c 0100      		.word	1
 1227 083e 0100      		.word	1
 1228 0840 0100      		.word	1
 1229 0842 0100      		.word	1
 1230 0844 0100      		.word	1
 1231 0846 0100      		.word	1
 1232 0848 0100      		.word	1
 1233 084a 0100      		.word	1
 1234 084c 0100      		.word	1
 1235 084e 0100      		.word	1
 1236 0850 0100      		.word	1
 1237 0852 0100      		.word	1
 1238 0854 0100      		.word	1
 1239 0856 0100      		.word	1
 1240 0858 0100      		.word	1
 1241 085a 0100      		.word	1
 1242 085c 0100      		.word	1
 1243 085e 0100      		.word	1
 1244 0860 0100      		.word	1
 1245 0862 0100      		.word	1
 1246 0864 0100      		.word	1
 1247 0866 0100      		.word	1
 1248 0868 0100      		.word	1
 1249 086a 0100      		.word	1
 1250 086c 0100      		.word	1
 1251 086e 0100      		.word	1
 1252 0870 0100      		.word	1
 1253 0872 0100      		.word	1
 1254 0874 0100      		.word	1
 1255 0876 0100      		.word	1
 1256 0878 0100      		.word	1
 1257 087a 0100      		.word	1
 1258 087c 0100      		.word	1
 1259 087e 0100      		.word	1
 1260 0880 0100      		.word	1
 1261 0882 0100      		.word	1
 1262 0884 0100      		.word	1
 1263 0886 0100      		.word	1
 1264 0888 0000      		.word	0
 1265 088a 0100      		.word	1
 1266 088c 0100      		.word	1
 1267 088e 0100      		.word	1
 1268 0890 0100      		.word	1
 1269 0892 0100      		.word	1
 1270 0894 0100      		.word	1
 1271 0896 0100      		.word	1
 1272 0898 0100      		.word	1
 1273 089a 0100      		.word	1
 1274 089c 0100      		.word	1
 1275 089e 0100      		.word	1
 1276 08a0 0100      		.word	1
 1277 08a2 0100      		.word	1
 1278 08a4 0100      		.word	1
 1279 08a6 0100      		.word	1
 1280 08a8 0000      		.word	0
 1281 08aa 0100      		.word	1
 1282 08ac 0100      		.word	1
 1283 08ae 0100      		.word	1
 1284 08b0 0100      		.word	1
 1285 08b2 0000      		.word	0
 1286 08b4 0000      		.word	0
 1287 08b6 0000      		.word	0
 1288 08b8 0100      		.word	1
 1289 08ba 0000      		.word	0
 1290 08bc 0000      		.word	0
 1291 08be 0000      		.word	0
 1292 08c0 0100      		.word	1
 1293 08c2 0100      		.word	1
 1294 08c4 0100      		.word	1
 1295 08c6 0100      		.word	1
 1296 08c8 0100      		.word	1
 1297 08ca 0100      		.word	1
 1298 08cc 0100      		.word	1
 1299 08ce 0100      		.word	1
 1300 08d0 0100      		.word	1
 1301 08d2 0100      		.word	1
 1302 08d4 0100      		.word	1
 1303 08d6 0100      		.word	1
 1304 08d8 0100      		.word	1
 1305 08da 0100      		.word	1
 1306 08dc 0100      		.word	1
 1307 08de 0100      		.word	1
 1308 08e0 0100      		.word	1
 1309 08e2 0100      		.word	1
 1310 08e4 0100      		.word	1
 1311 08e6 0100      		.word	1
 1312 08e8 0100      		.word	1
 1313 08ea 0100      		.word	1
 1314 08ec 0100      		.word	1
 1315 08ee 0100      		.word	1
 1316 08f0 0100      		.word	1
 1317 08f2 0100      		.word	1
 1318 08f4 0100      		.word	1
 1319 08f6 0100      		.word	1
 1320 08f8 0100      		.word	1
 1321 08fa 0100      		.word	1
 1322 08fc 0100      		.word	1
 1323 08fe 0100      		.word	1
 1324 0900 0100      		.word	1
 1325 0902 0100      		.word	1
 1326 0904 0100      		.word	1
 1327 0906 0100      		.word	1
 1328 0908 0100      		.word	1
 1329 090a 0100      		.word	1
 1330 090c 0100      		.word	1
 1331 090e 0100      		.word	1
 1332 0910 0100      		.word	1
 1333 0912 0100      		.word	1
 1334 0914 0100      		.word	1
 1335 0916 0100      		.word	1
 1336 0918 0100      		.word	1
 1337 091a 0100      		.word	1
 1338 091c 0100      		.word	1
 1339 091e 0000      		.word	0
 1340 0920 0100      		.word	1
 1341 0922 0100      		.word	1
 1342 0924 0100      		.word	1
 1343 0926 0100      		.word	1
 1344 0928 0100      		.word	1
 1345 092a 0100      		.word	1
 1346 092c 0100      		.word	1
 1347 092e 0100      		.word	1
 1348 0930 0100      		.word	1
 1349 0932 0100      		.word	1
 1350 0934 0100      		.word	1
 1351 0936 0100      		.word	1
 1352 0938 0100      		.word	1
 1353 093a 0100      		.word	1
 1354 093c 0100      		.word	1
 1355 093e 0000      		.word	0
 1356 0940 0100      		.word	1
 1357 0942 0100      		.word	1
 1358 0944 0100      		.word	1
 1359 0946 0100      		.word	1
 1360 0948 0000      		.word	0
 1361 094a 0000      		.word	0
 1362 094c 0000      		.word	0
 1363 094e 0100      		.word	1
 1364 0950 0000      		.word	0
 1365 0952 0000      		.word	0
 1366 0954 0000      		.word	0
 1367 0956 0100      		.word	1
 1368 0958 0100      		.word	1
 1369 095a 0100      		.word	1
 1370 095c 0100      		.word	1
 1371 095e 0100      		.word	1
 1372               		.text
 1373               	.Letext0:
 1374               		.file 2 "/usr/local/Cellar/avr-gcc@8/8.5.0_1/avr/include/stdint.h"
 1375               		.file 3 "/usr/local/Cellar/avr-gcc@8/8.5.0_1/lib/avr-gcc/8/gcc/avr/8.5.0/include/stddef.h"
 1376               		.file 4 "./tmk_core/common/keyboard.h"
 1377               		.file 5 "./tmk_core/common/action_macro.h"
 1378               		.file 6 "./tmk_core/common/action.h"
 1379               		.file 7 "./tmk_core/protocol/lufa/LUFA-git/LUFA/Drivers/USB/Core/AVR8/../StdRequestType.h"
 1380               		.file 8 "./tmk_core/protocol/lufa/LUFA-git/LUFA/Drivers/USB/Core/AVR8/../DeviceStandardReq.h"
 1381               		.file 9 "./tmk_core/protocol/lufa/LUFA-git/LUFA/Drivers/USB/Core/USBTask.h"
 1382               		.file 10 "./tmk_core/protocol/lufa/LUFA-git/LUFA/Drivers/USB/Core/HostStandardReq.h"
 1383               		.file 11 "/usr/local/Cellar/avr-gcc@8/8.5.0_1/avr/include/stdio.h"
 1384               		.file 12 "./tmk_core/common/report.h"
 1385               		.file 13 "./tmk_core/common/host.h"
 1386               		.file 14 "./tmk_core/common/debug.h"
 1387               		.file 15 "./quantum/keycode_config.h"
 1388               		.file 16 "./quantum/keymap.h"
 1389               		.file 17 "./tmk_core/common/action_layer.h"
 1390               		.file 18 "./tmk_core/common/timer.h"
 1391               		.file 19 "./tmk_core/common/action_util.h"
 1392               		.file 20 "/usr/local/Cellar/avr-gcc@8/8.5.0_1/avr/include/stdlib.h"
 1393               		.file 21 "./tmk_core/common/keycode.h"
DEFINED SYMBOLS
                            *ABS*:00000000 keymap.c
/var/folders/f1/r0m_vh_54tg0jls9tjh4vqkr0000gn/T//ccAqwn17.s:2      *ABS*:0000003e __SP_H__
/var/folders/f1/r0m_vh_54tg0jls9tjh4vqkr0000gn/T//ccAqwn17.s:3      *ABS*:0000003d __SP_L__
/var/folders/f1/r0m_vh_54tg0jls9tjh4vqkr0000gn/T//ccAqwn17.s:4      *ABS*:0000003f __SREG__
/var/folders/f1/r0m_vh_54tg0jls9tjh4vqkr0000gn/T//ccAqwn17.s:5      *ABS*:00000000 __tmp_reg__
/var/folders/f1/r0m_vh_54tg0jls9tjh4vqkr0000gn/T//ccAqwn17.s:6      *ABS*:00000001 __zero_reg__
/var/folders/f1/r0m_vh_54tg0jls9tjh4vqkr0000gn/T//ccAqwn17.s:13     .text.action_get_macro:00000000 action_get_macro
/var/folders/f1/r0m_vh_54tg0jls9tjh4vqkr0000gn/T//ccAqwn17.s:17     .text.action_get_macro:00000000 .Loc.0
/var/folders/f1/r0m_vh_54tg0jls9tjh4vqkr0000gn/T//ccAqwn17.s:18     .text.action_get_macro:00000000 L0
/var/folders/f1/r0m_vh_54tg0jls9tjh4vqkr0000gn/T//ccAqwn17.s:23     .text.action_get_macro:00000000 .Loc.1
/var/folders/f1/r0m_vh_54tg0jls9tjh4vqkr0000gn/T//ccAqwn17.s:24     .text.action_get_macro:00000000 .Loc.2
/var/folders/f1/r0m_vh_54tg0jls9tjh4vqkr0000gn/T//ccAqwn17.s:25     .text.action_get_macro:00000000 .Loc.3
/var/folders/f1/r0m_vh_54tg0jls9tjh4vqkr0000gn/T//ccAqwn17.s:26     .text.action_get_macro:00000000 .Loc.4
/var/folders/f1/r0m_vh_54tg0jls9tjh4vqkr0000gn/T//ccAqwn17.s:27     .text.action_get_macro:00000000 .Loc.5
/var/folders/f1/r0m_vh_54tg0jls9tjh4vqkr0000gn/T//ccAqwn17.s:32     .text.action_get_macro:00000004 .Loc.6
/var/folders/f1/r0m_vh_54tg0jls9tjh4vqkr0000gn/T//ccAqwn17.s:34     .text.action_get_macro:00000006 L0
/var/folders/f1/r0m_vh_54tg0jls9tjh4vqkr0000gn/T//ccAqwn17.s:40     .text.matrix_init_user:00000000 matrix_init_user
/var/folders/f1/r0m_vh_54tg0jls9tjh4vqkr0000gn/T//ccAqwn17.s:42     .text.matrix_init_user:00000000 .Loc.7
/var/folders/f1/r0m_vh_54tg0jls9tjh4vqkr0000gn/T//ccAqwn17.s:43     .text.matrix_init_user:00000000 L0
/var/folders/f1/r0m_vh_54tg0jls9tjh4vqkr0000gn/T//ccAqwn17.s:48     .text.matrix_init_user:00000000 .Loc.8
/var/folders/f1/r0m_vh_54tg0jls9tjh4vqkr0000gn/T//ccAqwn17.s:51     .text.matrix_init_user:00000002 L0
/var/folders/f1/r0m_vh_54tg0jls9tjh4vqkr0000gn/T//ccAqwn17.s:57     .text.matrix_scan_user:00000000 matrix_scan_user
/var/folders/f1/r0m_vh_54tg0jls9tjh4vqkr0000gn/T//ccAqwn17.s:59     .text.matrix_scan_user:00000000 L0
/var/folders/f1/r0m_vh_54tg0jls9tjh4vqkr0000gn/T//ccAqwn17.s:66     .text.matrix_scan_user:00000002 L0
/var/folders/f1/r0m_vh_54tg0jls9tjh4vqkr0000gn/T//ccAqwn17.s:72     .text.process_record_user:00000000 process_record_user
/var/folders/f1/r0m_vh_54tg0jls9tjh4vqkr0000gn/T//ccAqwn17.s:75     .text.process_record_user:00000000 .Loc.9
/var/folders/f1/r0m_vh_54tg0jls9tjh4vqkr0000gn/T//ccAqwn17.s:76     .text.process_record_user:00000000 L0
/var/folders/f1/r0m_vh_54tg0jls9tjh4vqkr0000gn/T//ccAqwn17.s:77     .text.process_record_user:00000000 .Loc.10
/var/folders/f1/r0m_vh_54tg0jls9tjh4vqkr0000gn/T//ccAqwn17.s:86     .text.process_record_user:00000002 .Loc.11
/var/folders/f1/r0m_vh_54tg0jls9tjh4vqkr0000gn/T//ccAqwn17.s:87     .text.process_record_user:00000002 .Loc.12
/var/folders/f1/r0m_vh_54tg0jls9tjh4vqkr0000gn/T//ccAqwn17.s:89     .text.process_record_user:00000004 .Loc.13
/var/folders/f1/r0m_vh_54tg0jls9tjh4vqkr0000gn/T//ccAqwn17.s:93     .text.process_record_user:0000000a .Loc.14
/var/folders/f1/r0m_vh_54tg0jls9tjh4vqkr0000gn/T//ccAqwn17.s:94     .text.process_record_user:0000000a .Loc.15
/var/folders/f1/r0m_vh_54tg0jls9tjh4vqkr0000gn/T//ccAqwn17.s:97     .text.process_record_user:0000000e .Loc.16
/var/folders/f1/r0m_vh_54tg0jls9tjh4vqkr0000gn/T//ccAqwn17.s:100    .text.process_record_user:00000010 .Loc.17
/var/folders/f1/r0m_vh_54tg0jls9tjh4vqkr0000gn/T//ccAqwn17.s:103    .text.process_record_user:00000014 .Loc.18
/var/folders/f1/r0m_vh_54tg0jls9tjh4vqkr0000gn/T//ccAqwn17.s:106    .text.process_record_user:00000018 .Loc.19
/var/folders/f1/r0m_vh_54tg0jls9tjh4vqkr0000gn/T//ccAqwn17.s:109    .text.process_record_user:0000001a .Loc.20
/var/folders/f1/r0m_vh_54tg0jls9tjh4vqkr0000gn/T//ccAqwn17.s:116    .text.process_record_user:00000020 .Loc.21
/var/folders/f1/r0m_vh_54tg0jls9tjh4vqkr0000gn/T//ccAqwn17.s:119    .text.process_record_user:00000024 .Loc.22
/var/folders/f1/r0m_vh_54tg0jls9tjh4vqkr0000gn/T//ccAqwn17.s:121    .text.process_record_user:00000026 L0
/var/folders/f1/r0m_vh_54tg0jls9tjh4vqkr0000gn/T//ccAqwn17.s:127    .text.led_set_user:00000000 led_set_user
/var/folders/f1/r0m_vh_54tg0jls9tjh4vqkr0000gn/T//ccAqwn17.s:130    .text.led_set_user:00000000 .Loc.23
/var/folders/f1/r0m_vh_54tg0jls9tjh4vqkr0000gn/T//ccAqwn17.s:131    .text.led_set_user:00000000 L0
/var/folders/f1/r0m_vh_54tg0jls9tjh4vqkr0000gn/T//ccAqwn17.s:136    .text.led_set_user:00000000 .Loc.24
/var/folders/f1/r0m_vh_54tg0jls9tjh4vqkr0000gn/T//ccAqwn17.s:137    .text.led_set_user:00000000 .Loc.25
/var/folders/f1/r0m_vh_54tg0jls9tjh4vqkr0000gn/T//ccAqwn17.s:138    .text.led_set_user:00000000 .Loc.26
/var/folders/f1/r0m_vh_54tg0jls9tjh4vqkr0000gn/T//ccAqwn17.s:139    .text.led_set_user:00000000 .Loc.27
/var/folders/f1/r0m_vh_54tg0jls9tjh4vqkr0000gn/T//ccAqwn17.s:142    .text.led_set_user:00000004 .Loc.28
/var/folders/f1/r0m_vh_54tg0jls9tjh4vqkr0000gn/T//ccAqwn17.s:143    .text.led_set_user:00000004 .Loc.29
/var/folders/f1/r0m_vh_54tg0jls9tjh4vqkr0000gn/T//ccAqwn17.s:145    .text.led_set_user:00000006 .Loc.30
/var/folders/f1/r0m_vh_54tg0jls9tjh4vqkr0000gn/T//ccAqwn17.s:147    .text.led_set_user:00000006 .Loc.31
/var/folders/f1/r0m_vh_54tg0jls9tjh4vqkr0000gn/T//ccAqwn17.s:148    .text.led_set_user:00000006 .Loc.32
/var/folders/f1/r0m_vh_54tg0jls9tjh4vqkr0000gn/T//ccAqwn17.s:150    .text.led_set_user:00000008 .Loc.33
/var/folders/f1/r0m_vh_54tg0jls9tjh4vqkr0000gn/T//ccAqwn17.s:151    .text.led_set_user:00000008 .Loc.34
/var/folders/f1/r0m_vh_54tg0jls9tjh4vqkr0000gn/T//ccAqwn17.s:152    .text.led_set_user:00000008 .Loc.35
/var/folders/f1/r0m_vh_54tg0jls9tjh4vqkr0000gn/T//ccAqwn17.s:153    .text.led_set_user:00000008 .Loc.36
/var/folders/f1/r0m_vh_54tg0jls9tjh4vqkr0000gn/T//ccAqwn17.s:154    .text.led_set_user:00000008 .Loc.37
/var/folders/f1/r0m_vh_54tg0jls9tjh4vqkr0000gn/T//ccAqwn17.s:155    .text.led_set_user:00000008 .Loc.38
/var/folders/f1/r0m_vh_54tg0jls9tjh4vqkr0000gn/T//ccAqwn17.s:157    .text.led_set_user:00000008 .Loc.39
/var/folders/f1/r0m_vh_54tg0jls9tjh4vqkr0000gn/T//ccAqwn17.s:160    .text.led_set_user:0000000a .Loc.40
/var/folders/f1/r0m_vh_54tg0jls9tjh4vqkr0000gn/T//ccAqwn17.s:161    .text.led_set_user:0000000a .Loc.41
/var/folders/f1/r0m_vh_54tg0jls9tjh4vqkr0000gn/T//ccAqwn17.s:164    .text.led_set_user:0000000e L0
/var/folders/f1/r0m_vh_54tg0jls9tjh4vqkr0000gn/T//ccAqwn17.s:171    .progmem.data.keymaps:00000000 keymaps
/var/folders/f1/r0m_vh_54tg0jls9tjh4vqkr0000gn/T//ccAqwn17.s:37     .text.action_get_macro:00000006 L0
/var/folders/f1/r0m_vh_54tg0jls9tjh4vqkr0000gn/T//ccAqwn17.s:54     .text.matrix_init_user:00000002 L0
/var/folders/f1/r0m_vh_54tg0jls9tjh4vqkr0000gn/T//ccAqwn17.s:124    .text.process_record_user:00000026 L0
/var/folders/f1/r0m_vh_54tg0jls9tjh4vqkr0000gn/T//ccAqwn17.s:168    .text.led_set_user:0000000e L0
                     .debug_frame:00000000 L0
/var/folders/f1/r0m_vh_54tg0jls9tjh4vqkr0000gn/T//ccAqwn17.s:108    .text.process_record_user:0000001a .L4
/var/folders/f1/r0m_vh_54tg0jls9tjh4vqkr0000gn/T//ccAqwn17.s:115    .text.process_record_user:00000020 .L6
/var/folders/f1/r0m_vh_54tg0jls9tjh4vqkr0000gn/T//ccAqwn17.s:159    .text.led_set_user:0000000a .L9
/var/folders/f1/r0m_vh_54tg0jls9tjh4vqkr0000gn/T//ccAqwn17.s:146    .text.led_set_user:00000006 .L11
/var/folders/f1/r0m_vh_54tg0jls9tjh4vqkr0000gn/T//ccAqwn17.s:3054   .debug_abbrev:00000000 .Ldebug_abbrev0
/var/folders/f1/r0m_vh_54tg0jls9tjh4vqkr0000gn/T//ccAqwn17.s:3823   .debug_ranges:00000000 .Ldebug_ranges0
/var/folders/f1/r0m_vh_54tg0jls9tjh4vqkr0000gn/T//ccAqwn17.s:3835   .debug_line:00000000 .Ldebug_line0
/var/folders/f1/r0m_vh_54tg0jls9tjh4vqkr0000gn/T//ccAqwn17.s:129    .text.led_set_user:00000000 .LFB115
/var/folders/f1/r0m_vh_54tg0jls9tjh4vqkr0000gn/T//ccAqwn17.s:165    .text.led_set_user:0000000e .LFE115
/var/folders/f1/r0m_vh_54tg0jls9tjh4vqkr0000gn/T//ccAqwn17.s:74     .text.process_record_user:00000000 .LFB114
/var/folders/f1/r0m_vh_54tg0jls9tjh4vqkr0000gn/T//ccAqwn17.s:122    .text.process_record_user:00000026 .LFE114
/var/folders/f1/r0m_vh_54tg0jls9tjh4vqkr0000gn/T//ccAqwn17.s:3697   .debug_loc:00000000 .LLST1
/var/folders/f1/r0m_vh_54tg0jls9tjh4vqkr0000gn/T//ccAqwn17.s:3717   .debug_loc:00000026 .LLST2
/var/folders/f1/r0m_vh_54tg0jls9tjh4vqkr0000gn/T//ccAqwn17.s:3712   .debug_loc:00000022 .LVUS2
/var/folders/f1/r0m_vh_54tg0jls9tjh4vqkr0000gn/T//ccAqwn17.s:3745   .debug_loc:00000054 .LLST3
/var/folders/f1/r0m_vh_54tg0jls9tjh4vqkr0000gn/T//ccAqwn17.s:3736   .debug_loc:0000004c .LVUS3
/var/folders/f1/r0m_vh_54tg0jls9tjh4vqkr0000gn/T//ccAqwn17.s:105    .text.process_record_user:00000018 .LVL4
/var/folders/f1/r0m_vh_54tg0jls9tjh4vqkr0000gn/T//ccAqwn17.s:118    .text.process_record_user:00000024 .LVL6
/var/folders/f1/r0m_vh_54tg0jls9tjh4vqkr0000gn/T//ccAqwn17.s:15     .text.action_get_macro:00000000 .LFB111
/var/folders/f1/r0m_vh_54tg0jls9tjh4vqkr0000gn/T//ccAqwn17.s:35     .text.action_get_macro:00000006 .LFE111
/var/folders/f1/r0m_vh_54tg0jls9tjh4vqkr0000gn/T//ccAqwn17.s:3785   .debug_loc:0000009c .LLST0
/var/folders/f1/r0m_vh_54tg0jls9tjh4vqkr0000gn/T//ccAqwn17.s:3780   .debug_loc:00000098 .LVUS0
/var/folders/f1/r0m_vh_54tg0jls9tjh4vqkr0000gn/T//ccAqwn17.s:41     .text.matrix_init_user:00000000 .LFB112
/var/folders/f1/r0m_vh_54tg0jls9tjh4vqkr0000gn/T//ccAqwn17.s:52     .text.matrix_init_user:00000002 .LFE112
/var/folders/f1/r0m_vh_54tg0jls9tjh4vqkr0000gn/T//ccAqwn17.s:79     .text.process_record_user:00000002 .LCFI0
/var/folders/f1/r0m_vh_54tg0jls9tjh4vqkr0000gn/T//ccAqwn17.s:73     .text.process_record_user:00000000 .LVL2
/var/folders/f1/r0m_vh_54tg0jls9tjh4vqkr0000gn/T//ccAqwn17.s:99     .text.process_record_user:00000010 .LVL3
/var/folders/f1/r0m_vh_54tg0jls9tjh4vqkr0000gn/T//ccAqwn17.s:114    .text.process_record_user:00000020 .LVL5
/var/folders/f1/r0m_vh_54tg0jls9tjh4vqkr0000gn/T//ccAqwn17.s:14     .text.action_get_macro:00000000 .LVL0
/var/folders/f1/r0m_vh_54tg0jls9tjh4vqkr0000gn/T//ccAqwn17.s:30     .text.action_get_macro:00000004 .LVL1
/var/folders/f1/r0m_vh_54tg0jls9tjh4vqkr0000gn/T//ccAqwn17.s:1395   .debug_info:00000000 .Ldebug_info0

UNDEFINED SYMBOLS
layer_on
layer_off
