   1               		.file	"debug.c"
   2               	__SP_H__ = 0x3e
   3               	__SP_L__ = 0x3d
   4               	__SREG__ = 0x3f
   5               	__tmp_reg__ = 0
   6               	__zero_reg__ = 1
   7               		.text
   8               	.Ltext0:
   9               		.cfi_sections	.debug_frame
  10               	.global	debug_config
  11               		.section	.bss.debug_config,"aw",@nobits
  14               	debug_config:
  15 0000 00        		.zero	1
  16               		.text
  17               	.Letext0:
  18               		.file 1 "./tmk_core/common/debug.h"
  19               		.file 2 "/usr/local/Cellar/avr-gcc@8/8.5.0_1/avr/include/stdint.h"
  20               		.file 3 "./tmk_core/common/debug.c"
DEFINED SYMBOLS
                            *ABS*:00000000 debug.c
/var/folders/f1/r0m_vh_54tg0jls9tjh4vqkr0000gn/T//ccn0qFVS.s:2      *ABS*:0000003e __SP_H__
/var/folders/f1/r0m_vh_54tg0jls9tjh4vqkr0000gn/T//ccn0qFVS.s:3      *ABS*:0000003d __SP_L__
/var/folders/f1/r0m_vh_54tg0jls9tjh4vqkr0000gn/T//ccn0qFVS.s:4      *ABS*:0000003f __SREG__
/var/folders/f1/r0m_vh_54tg0jls9tjh4vqkr0000gn/T//ccn0qFVS.s:5      *ABS*:00000000 __tmp_reg__
/var/folders/f1/r0m_vh_54tg0jls9tjh4vqkr0000gn/T//ccn0qFVS.s:6      *ABS*:00000001 __zero_reg__
/var/folders/f1/r0m_vh_54tg0jls9tjh4vqkr0000gn/T//ccn0qFVS.s:14     .bss.debug_config:00000000 debug_config
/var/folders/f1/r0m_vh_54tg0jls9tjh4vqkr0000gn/T//ccn0qFVS.s:181    .debug_abbrev:00000000 .Ldebug_abbrev0
/var/folders/f1/r0m_vh_54tg0jls9tjh4vqkr0000gn/T//ccn0qFVS.s:355    .debug_line:00000000 .Ldebug_line0
/var/folders/f1/r0m_vh_54tg0jls9tjh4vqkr0000gn/T//ccn0qFVS.s:22     .debug_info:00000000 .Ldebug_info0

UNDEFINED SYMBOLS
__do_clear_bss
