   1               		.file	"HostStandardReq.c"
   2               	__SP_H__ = 0x3e
   3               	__SP_L__ = 0x3d
   4               	__SREG__ = 0x3f
   5               	__tmp_reg__ = 0
   6               	__zero_reg__ = 1
   7               		.text
   8               	.Ltext0:
   9               		.cfi_sections	.debug_frame
  10               	.Letext0:
DEFINED SYMBOLS
                            *ABS*:00000000 HostStandardReq.c
/var/folders/f1/r0m_vh_54tg0jls9tjh4vqkr0000gn/T//ccmVoGkG.s:2      *ABS*:0000003e __SP_H__
/var/folders/f1/r0m_vh_54tg0jls9tjh4vqkr0000gn/T//ccmVoGkG.s:3      *ABS*:0000003d __SP_L__
/var/folders/f1/r0m_vh_54tg0jls9tjh4vqkr0000gn/T//ccmVoGkG.s:4      *ABS*:0000003f __SREG__
/var/folders/f1/r0m_vh_54tg0jls9tjh4vqkr0000gn/T//ccmVoGkG.s:5      *ABS*:00000000 __tmp_reg__
/var/folders/f1/r0m_vh_54tg0jls9tjh4vqkr0000gn/T//ccmVoGkG.s:6      *ABS*:00000001 __zero_reg__
/var/folders/f1/r0m_vh_54tg0jls9tjh4vqkr0000gn/T//ccmVoGkG.s:57     .debug_abbrev:00000000 .Ldebug_abbrev0
/var/folders/f1/r0m_vh_54tg0jls9tjh4vqkr0000gn/T//ccmVoGkG.s:107    .debug_line:00000000 .Ldebug_line0
/var/folders/f1/r0m_vh_54tg0jls9tjh4vqkr0000gn/T//ccmVoGkG.s:12     .debug_info:00000000 .Ldebug_info0

NO UNDEFINED SYMBOLS
